#fOrTyTwO
$hz=100;
$XS_VERSION='DProf 20050603.00';
# All values are given in HZ
$over_utime=4; $over_stime=1; $over_rtime=3;
$over_tests=10000;
$rrun_utime=12; $rrun_stime=-1; $rrun_rtime=2875;
$total_marks=7247                                                                                                                                                                             

PART2
@ 1 0 0
& 2 main BEGIN
+ 2
& 3 strict bits
+ 3
- 3
& 4 strict import
+ 4
- 4
- 2
& 5 main BEGIN
+ 5
& 6 App::Prove BEGIN
+ 6
+ 4
- 4
- 6
& 7 App::Prove BEGIN
+ 7
& 8 TAP::Harness BEGIN
+ 8
+ 4
- 4
- 8
& 9 TAP::Harness BEGIN
+ 9
& a Exporter import
+ a
- a
- 9
& b TAP::Harness BEGIN
+ b
& c File::Spec BEGIN
+ c
+ 4
- 4
- c
& d File::Spec BEGIN
+ d
& e vars BEGIN
+ e
- e
& f vars BEGIN
+ f
@ 0 0 1
& 10 warnings::register import
+ 10
& 11 warnings::register mkMask
+ 11
- 11
+ 11
- 11
- 10
- f
& 12 vars BEGIN
+ 12
+ 4
+ 3
- 3
- 4
- 12
& 13 vars import
+ 13
- 13
- d
& 14 File::Spec::Unix BEGIN
+ 14
+ 4
- 4
- 14
& 15 File::Spec::Unix BEGIN
+ 15
+ 13
- 13
- 15
& 16 File::Spec::Unix BEGIN
+ 16
& 17 strict unimport
+ 17
+ 3
- 3
- 17
- 16
- b
& 18 TAP::Harness BEGIN
+ 18
& 19 File::Path BEGIN
+ 19
- 19
& 1a File::Path BEGIN
+ 1a
+ 4
- 4
- 1a
& 1b File::Path BEGIN
+ 1b
& 1c Cwd BEGIN
+ 1c
+ 4
- 4
- 1c
& 1d Cwd BEGIN
+ 1d
+ a
- a
- 1d
& 1e Cwd BEGIN
+ 1e
+ 13
- 13
- 1e
@ 1 0 0
& 1f Cwd BEGIN
+ 1f
+ 17
+ 3
- 3
- 17
- 1f
& 20 XSLoader load
+ 20
& 21 DynaLoader dl_load_file
+ 21
- 21
& 22 DynaLoader dl_undef_symbols
+ 22
- 22
& 23 DynaLoader dl_find_symbol
+ 23
- 23
& 24 DynaLoader dl_install_xsub
+ 24
- 24
& 25 Cwd bootstrap
+ 25
- 25
- 20
+ a
- a
- 1b
& 26 File::Path BEGIN
+ 26
& 27 File::Basename BEGIN
+ 27
& 28 re BEGIN
+ 28
+ 4
- 4
- 28
& 29 re BEGIN
+ 29
& 2a warnings import
+ 2a
- 2a
- 29
& 2b re import
+ 2b
& 2c re bits
+ 2c
- 2c
- 2b
- 27
& 2d File::Basename BEGIN
+ 2d
+ 4
- 4
- 2d
& 2e File::Basename BEGIN
+ 2e
- 2e
& 2f File::Basename BEGIN
+ 2f
+ 2a
- 2a
- 2f
& 30 File::Basename BEGIN
+ 30
- 30
& 31 File::Basename fileparse_set_fstype
+ 31
- 31
- 26
& 32 File::Path BEGIN
+ 32
- 32
& 33 File::Path BEGIN
+ 33
- 33
& 34 File::Path BEGIN
+ 34
- 34
& 35 File::Path BEGIN
+ 35
+ 13
- 13
- 35
& 36 File::Path BEGIN
+ 36
+ 17
+ 3
- 3
- 17
- 36
@ 0 0 1
+ a
- a
- 18
& 37 TAP::Harness BEGIN
+ 37
& 38 IO::Handle BEGIN
+ 38
- 38
& 39 IO::Handle BEGIN
+ 39
+ 4
- 4
- 39
& 3a IO::Handle BEGIN
+ 3a
+ a
- a
- 3a
& 3b IO::Handle BEGIN
+ 3b
& 3c Symbol BEGIN
+ 3c
- 3c
+ a
- a
- 3b
& 3d IO::Handle BEGIN
+ 3d
& 3e SelectSaver BEGIN
+ 3e
+ a
- a
- 3e
& 3f SelectSaver BEGIN
+ 3f
+ a
- a
- 3f
- 3d
& 40 IO::Handle BEGIN
+ 40
& 41 IO BEGIN
+ 41
- 41
& 42 IO BEGIN
+ 42
+ a
- a
- 42
& 43 IO BEGIN
+ 43
+ 4
- 4
- 43
& 44 IO BEGIN
+ 44
+ 2a
- 2a
- 44
+ 20
+ 21
- 21
+ 22
- 22
+ 23
- 23
+ 24
- 24
& 45 IO bootstrap
+ 45
- 45
- 20
- 40
@ 1 0 0
& 46 IO::Handle BEGIN
+ 46
+ 17
+ 3
- 3
- 17
- 46
+ a
- a
- 37
& 47 TAP::Harness BEGIN
+ 47
& 48 TAP::Base BEGIN
+ 48
+ 4
- 4
- 48
& 49 TAP::Base BEGIN
+ 49
+ 13
- 13
- 49
& 4a TAP::Base BEGIN
+ 4a
& 4b TAP::Base BEGIN
+ 4b
& 4c Time::HiRes BEGIN
+ 4c
+ 4
- 4
- 4c
& 4d Time::HiRes BEGIN
+ 4d
+ 13
- 13
- 4d
& 4e Time::HiRes BEGIN
+ 4e
+ 17
+ 3
- 3
- 17
- 4e
& 4f DynaLoader BEGIN
+ 4f
- 4f
& 50 DynaLoader BEGIN
+ 50
& 51 Config BEGIN
+ 51
+ 4
- 4
- 51
& 52 Config BEGIN
+ 52
+ 17
+ 3
- 3
- 17
- 52
& 53 version (bool
+ 53
- 53
& 54 version (cmp
+ 54
- 54
& 55 Config relocate_inc
+ 55
- 55
+ 55
- 55
& 56 Config TIEHASH
+ 56
- 56
& 57 Config import
+ 57
- 57
- 50
& 58 AutoLoader BEGIN
+ 58
+ 4
- 4
- 58
& 59 AutoLoader BEGIN
+ 59
- 59
& 5a AutoLoader BEGIN
+ 5a
- 5a
& 5b AutoLoader BEGIN
+ 5b
+ 17
+ 3
- 3
- 17
- 5b
& 5c AutoLoader BEGIN
+ 5c
+ 17
+ 3
- 3
- 17
- 5c
@ 0 0 1
& 5d AutoLoader BEGIN
+ 5d
+ 17
+ 3
- 3
- 17
- 5d
& 5e AutoLoader BEGIN
+ 5e
+ 17
+ 3
- 3
- 17
- 5e
& 5f Config FETCH
+ 5f
- 5f
+ 5f
- 5f
+ 5f
- 5f
+ 5f
- 5f
& 60 DynaLoader bootstrap
+ 60
& 61 DynaLoader dl_load_flags
+ 61
- 61
+ 21
- 21
+ 22
- 22
+ 23
- 23
+ 24
- 24
& 62 Time::HiRes bootstrap
+ 62
- 62
- 60
& 63 Time::HiRes import
+ 63
& 64 Exporter export_to_level
+ 64
& 65 Exporter as_heavy
+ 65
& 66 Exporter::Heavy BEGIN
+ 66
+ 4
- 4
- 66
& 67 Exporter::Heavy BEGIN
+ 67
+ 17
+ 3
- 3
- 17
- 67
& 68 Exporter::Heavy BEGIN
+ 68
& 69 warnings unimport
+ 69
- 69
- 68
- 65
& 6a Exporter::Heavy heavy_export_to_level
* 6a
& 6b Exporter export
+ 6b
+ 65
- 65
& 6c Exporter::Heavy heavy_export
* 6c
& 6d Exporter::Heavy _rebuild_cache
+ 6d
- 6d
- 6b
- 64
- 63
- 4b
- 4a
- 47
& 6e TAP::Harness BEGIN
+ 6e
& 6f TAP::Parser BEGIN
+ 6f
+ 4
- 4
- 6f
& 70 TAP::Parser BEGIN
+ 70
+ 13
- 13
- 70
& 71 TAP::Parser BEGIN
+ 71
- 71
& 72 TAP::Parser BEGIN
+ 72
& 73 TAP::Parser::Grammar BEGIN
+ 73
+ 4
- 4
- 73
& 74 TAP::Parser::Grammar BEGIN
+ 74
+ 13
- 13
- 74
& 75 TAP::Parser::Grammar BEGIN
+ 75
@ 1 0 0
& 76 TAP::Parser::Result BEGIN
+ 76
+ 4
- 4
- 76
& 77 TAP::Parser::Result BEGIN
+ 77
+ 13
- 13
- 77
& 78 TAP::Parser::Result BEGIN
+ 78
& 79 TAP::Parser::Result::Bailout BEGIN
+ 79
+ 4
- 4
- 79
& 7a TAP::Parser::Result::Bailout BEGIN
+ 7a
+ 13
- 13
- 7a
& 7b TAP::Parser::Result::Bailout BEGIN
+ 7b
- 7b
- 78
& 7c TAP::Parser::Result BEGIN
+ 7c
& 7d TAP::Parser::Result::Comment BEGIN
+ 7d
+ 4
- 4
- 7d
& 7e TAP::Parser::Result::Comment BEGIN
+ 7e
+ 13
- 13
- 7e
& 7f TAP::Parser::Result::Comment BEGIN
+ 7f
- 7f
- 7c
& 80 TAP::Parser::Result BEGIN
+ 80
& 81 TAP::Parser::Result::Plan BEGIN
+ 81
+ 4
- 4
- 81
& 82 TAP::Parser::Result::Plan BEGIN
+ 82
+ 13
- 13
- 82
& 83 TAP::Parser::Result::Plan BEGIN
+ 83
- 83
- 80
& 84 TAP::Parser::Result BEGIN
+ 84
& 85 TAP::Parser::Result::Test BEGIN
+ 85
+ 4
- 4
- 85
& 86 TAP::Parser::Result::Test BEGIN
+ 86
+ 13
- 13
- 86
& 87 TAP::Parser::Result::Test BEGIN
+ 87
- 87
& 88 TAP::Parser::Result::Test BEGIN
+ 88
+ 13
- 13
- 88
- 84
& 89 TAP::Parser::Result BEGIN
+ 89
& 8a TAP::Parser::Result::Unknown BEGIN
+ 8a
+ 4
- 4
- 8a
& 8b TAP::Parser::Result::Unknown BEGIN
+ 8b
+ 13
- 13
- 8b
& 8c TAP::Parser::Result::Unknown BEGIN
+ 8c
- 8c
& 8d TAP::Parser::Result::Unknown BEGIN
+ 8d
+ 13
- 13
- 8d
- 89
& 8e TAP::Parser::Result BEGIN
+ 8e
& 8f TAP::Parser::Result::Version BEGIN
+ 8f
+ 4
- 4
- 8f
& 90 TAP::Parser::Result::Version BEGIN
+ 90
+ 13
- 13
- 90
& 91 TAP::Parser::Result::Version BEGIN
+ 91
- 91
- 8e
+ 76
& 92 TAP::Parser::Result::YAML BEGIN
+ 92
+ 4
- 4
- 92
& 93 TAP::Parser::Result::YAML BEGIN
+ 93
+ 13
- 13
- 93
& 94 TAP::Parser::Result::YAML BEGIN
+ 94
- 94
- 76
& 95 TAP::Parser::Result BEGIN
+ 95
+ 17
+ 3
- 3
- 17
- 95
+ 77
- 77
- 75
& 96 TAP::Parser::Grammar BEGIN
+ 96
& 97 TAP::Parser::YAMLish::Reader BEGIN
+ 97
+ 4
- 4
- 97
& 98 TAP::Parser::YAMLish::Reader BEGIN
+ 98
+ 13
- 13
- 98
& 99 Regexp DESTROY
+ 99
- 99
- 96
+ 99
- 99
+ 99
- 99
- 72
& 9a TAP::Parser BEGIN
+ 9a
- 9a
& 9b TAP::Parser BEGIN
+ 9b
& 9c TAP::Parser::Source BEGIN
+ 9c
+ 4
- 4
- 9c
& 9d TAP::Parser::Source BEGIN
+ 9d
+ 13
- 13
- 9d
& 9e TAP::Parser::Source BEGIN
+ 9e
& 9f TAP::Parser::Iterator BEGIN
+ 9f
+ 4
- 4
- 9f
& a0 TAP::Parser::Iterator BEGIN
+ a0
+ 13
- 13
- a0
& a1 TAP::Parser::Iterator BEGIN
+ a1
& a2 TAP::Parser::Iterator::Array BEGIN
+ a2
+ 4
- 4
- a2
& a3 TAP::Parser::Iterator::Array BEGIN
+ a3
- a3
& a4 TAP::Parser::Iterator::Array BEGIN
+ a4
+ 13
- 13
- a4
- a1
& a5 TAP::Parser::Iterator BEGIN
+ a5
& a6 TAP::Parser::Iterator::Stream BEGIN
+ a6
+ 4
- 4
- a6
& a7 TAP::Parser::Iterator::Stream BEGIN
+ a7
- a7
& a8 TAP::Parser::Iterator::Stream BEGIN
+ a8
+ 13
- 13
- a8
- a5
& a9 TAP::Parser::Iterator BEGIN
+ a9
& aa TAP::Parser::Iterator::Process BEGIN
+ aa
+ 4
- 4
- aa
& ab TAP::Parser::Iterator::Process BEGIN
+ ab
- ab
& ac TAP::Parser::Iterator::Process BEGIN
+ ac
+ 13
- 13
- ac
& ad TAP::Parser::Iterator::Process BEGIN
+ ad
+ 57
- 57
- ad
& ae TAP::Parser::Iterator::Process BEGIN
+ ae
+ a
- a
- ae
@ 0 0 1
& af TAP::Parser::Iterator::Process BEGIN
+ af
+ 17
+ 3
- 3
- 17
- af
& b0 POSIX BEGIN
+ b0
+ 4
- 4
- b0
& b1 POSIX BEGIN
+ b1
+ 2a
- 2a
- b1
& b2 POSIX BEGIN
+ b2
& b3 AutoLoader import
+ b3
- b3
- b2
& b4 POSIX BEGIN
+ b4
- b4
& b5 POSIX BEGIN
+ b5
& b6 Fcntl BEGIN
+ b6
+ 4
- 4
- b6
& b7 Fcntl BEGIN
+ b7
- b7
& b8 Fcntl BEGIN
+ b8
- b8
& b9 Fcntl BEGIN
+ b9
+ 20
+ 21
- 21
+ 22
- 22
+ 23
- 23
+ 24
- 24
& ba Fcntl bootstrap
+ ba
- ba
- 20
- b9
& bb Fcntl BEGIN
+ bb
+ 17
+ 3
- 3
- 17
- bb
+ a
- a
- b5
& bc POSIX BEGIN
+ bc
+ 17
- 17
- bc
& bd POSIX BEGIN
+ bd
+ 69
- 69
- bd
& be POSIX::SigAction BEGIN
+ be
+ b3
- b3
- be
& bf POSIX::SigRt BEGIN
+ bf
+ b3
- b3
- bf
& c0 POSIX::SigRt BEGIN
+ c0
& c1 Tie::Hash BEGIN
+ c1
+ a
@ 1 0 0
- a
- c1
& c2 Tie::Hash BEGIN
+ c2
+ 10
+ 11
- 11
+ 11
- 11
- 10
- c2
- c0
& c3 POSIX::SigRt BEGIN
+ c3
+ 13
- 13
- c3
+ 20
+ 21
- 21
+ 22
- 22
+ 23
- 23
+ 24
- 24
& c4 POSIX bootstrap
+ c4
- c4
- 20
& c5 Tie::StdHash TIEHASH
+ c5
- c5
& c6 POSIX AUTOLOAD
+ c6
& c7 POSIX int_macro_int
+ c7
- c7
& c8 POSIX __ANON__
* c8
+ c7
- c7
- c6
- a9
- 9e
- 9b
& c9 TAP::Parser BEGIN
+ c9
& ca TAP::Parser::Source::Perl BEGIN
+ ca
+ 4
- 4
- ca
& cb TAP::Parser::Source::Perl BEGIN
+ cb
+ 57
- 57
- cb
& cc TAP::Parser::Source::Perl BEGIN
+ cc
+ 13
- 13
- cc
& cd TAP::Parser::Source::Perl BEGIN
+ cd
& ce constant BEGIN
+ ce
- ce
& cf constant BEGIN
+ cf
+ 4
- 4
- cf
& d0 constant BEGIN
+ d0
+ 10
+ 11
- 11
+ 11
- 11
- 10
- d0
& d1 constant BEGIN
+ d1
+ 13
- 13
- d1
& d2 constant BEGIN
+ d2
+ 17
+ 3
- 3
- 17
- d2
& d3 constant BEGIN
+ d3
+ 17
+ 3
- 3
- 17
- d3
& d4 constant import
+ d4
- d4
- cd
& d5 TAP::Parser::Source::Perl BEGIN
+ d5
+ d4
& d6 Internals SvREADONLY
+ d6
- d6
& d7 mro method_changed_in
+ d7
- d7
- d4
- d5
& d8 TAP::Parser::Source::Perl BEGIN
+ d8
- d8
@ 0 0 1
- c9
& d9 TAP::Parser BEGIN
+ d9
- d9
+ 6f
- 6f
& da TAP::Parser BEGIN
+ da
+ 17
+ 3
- 3
- 17
- da
& db TAP::Parser BEGIN
+ db
- db
- 6e
& dc TAP::Harness BEGIN
+ dc
& dd TAP::Parser::Aggregator BEGIN
+ dd
+ 4
- 4
- dd
& de TAP::Parser::Aggregator BEGIN
+ de
& df Benchmark BEGIN
+ df
+ 4
- 4
- df
& e0 Benchmark BEGIN
+ e0
+ 17
- 17
- e0
& e1 Benchmark BEGIN
+ e1
+ a
@ 1 0 0
- a
- e1
& e2 Benchmark BEGIN
+ e2
+ a
- a
- e2
& e3 Benchmark BEGIN
+ e3
+ 63
+ 64
+ 65
- 65
* 6a
+ 6b
+ 65
- 65
* 6c
- 6b
- 64
- 63
- e3
& e4 Benchmark init
+ e4
& e5 Benchmark disablecache
+ e5
- e5
& e6 Benchmark clearallcache
+ e6
- e6
- e4
& e7 Benchmark import
+ e7
+ 64
+ 65
- 65
* 6a
+ 6b
+ 65
- 65
* 6c
- 6b
- 64
- e7
- de
& e8 TAP::Parser::Aggregator BEGIN
+ e8
+ 13
- 13
- e8
& e9 TAP::Parser::Aggregator BEGIN
+ e9
+ 17
+ 3
- 3
- 17
- e9
& ea TAP::Parser::Aggregator BEGIN
+ ea
- ea
- dc
+ 8
& eb TAP::Parser::Multiplexer BEGIN
+ eb
+ 4
- 4
- eb
& ec TAP::Parser::Multiplexer BEGIN
+ ec
& ed IO::Select BEGIN
+ ed
+ 4
- 4
- ed
& ee IO::Select BEGIN
+ ee
+ 10
+ 11
- 11
+ 11
- 11
- 10
- ee
& ef IO::Select BEGIN
+ ef
+ 13
- 13
- ef
+ a
- a
- ec
& f0 TAP::Parser::Multiplexer BEGIN
+ f0
+ 13
- 13
- f0
& f1 TAP::Parser::Multiplexer BEGIN
+ f1
+ d4
- d4
- f1
& f2 TAP::Parser::Multiplexer BEGIN
+ f2
+ d4
+ d6
- d6
+ d7
- d7
- d4
- f2
& f3 TAP::Parser::Multiplexer BEGIN
+ f3
& f4 constant __ANON__
+ f4
- f4
+ d4
+ d6
- d6
+ d7
- d7
- d4
- f3
- 8
+ 9
+ 13
- 13
- 9
& f5 TAP::Harness BEGIN
+ f5
+ 17
+ 3
- 3
- 17
- f5
& f6 TAP::Harness BEGIN
+ f6
+ 17
+ 3
- 3
- 17
- f6
& f7 TAP::Harness BEGIN
+ f7
- f7
@ 0 0 1
- 7
& f8 App::Prove BEGIN
+ f8
- f8
& f9 App::Prove BEGIN
+ f9
& fa Getopt::Long BEGIN
+ fa
- fa
& fb Getopt::Long BEGIN
+ fb
+ 4
- 4
- fb
& fc Getopt::Long BEGIN
+ fc
+ 13
- 13
- fc
& fd Getopt::Long BEGIN
+ fd
+ 13
- 13
- fd
& fe Getopt::Long BEGIN
+ fe
+ a
- a
- fe
& ff Getopt::Long BEGIN
+ ff
+ 13
- 13
- ff
& 100 Getopt::Long BEGIN
+ 100
- 100
& 101 Getopt::Long BEGIN
+ 101
+ 13
- 13
- 101
& 102 Getopt::Long BEGIN
+ 102
+ 13
- 13
- 102
& 103 Getopt::Long BEGIN
+ 103
+ 13
- 13
- 103
& 104 Getopt::Long BEGIN
+ 104
+ 13
- 13
- 104
& 105 Getopt::Long BEGIN
+ 105
+ d4
+ d6
- d6
+ d7
- d7
- d4
- 105
& 106 Getopt::Long BEGIN
+ 106
+ d4
+ d6
- d6
+ d7
- d7
- d4
- 106
& 107 Getopt::Long BEGIN
+ 107
+ d4
+ d6
- d6
+ d7
- d7
- d4
- 107
& 108 Getopt::Long BEGIN
+ 108
+ d4
+ d6
- d6
+ d7
- d7
- d4
- 108
& 109 Getopt::Long BEGIN
+ 109
+ d4
+ d6
- d6
+ d7
- d7
- d4
- 109
& 10a Getopt::Long BEGIN
+ 10a
+ d4
+ d6
- d6
+ d7
- d7
- d4
- 10a
& 10b Getopt::Long BEGIN
+ 10b
+ d4
+ d6
- d6
+ d7
- d7
- d4
- 10b
& 10c Getopt::Long BEGIN
+ 10c
+ d4
+ d6
- d6
+ d7
- d7
- d4
- 10c
+ 105
+ d4
+ d6
- d6
+ d7
- d7
- d4
- 105
+ 106
+ d4
+ d6
- d6
+ d7
- d7
- d4
- 106
+ 107
+ d4
+ d6
- d6
+ d7
- d7
- d4
- 107
+ 108
+ d4
+ d6
- d6
+ d7
- d7
- d4
- 108
+ 109
+ d4
+ d6
- d6
+ d7
- d7
- d4
- 109
@ 1 0 1
& 10d Getopt::Long::CallBack BEGIN
+ 10d
& 10e overload BEGIN
+ 10e
+ 10
+ 11
- 11
+ 11
- 11
- 10
- 10e
& 10f overload import
+ 10f
& 110 overload OVERLOAD
+ 110
- 110
- 10f
- 10d
& 111 Getopt::Long ConfigDefaults
+ 111
- 111
& 112 Getopt::Long Configure
+ 112
- 112
& 113 Getopt::Long import
+ 113
+ a
+ 6b
+ 65
- 65
* 6c
- 6b
- a
- 113
- f9
& 114 App::Prove BEGIN
+ 114
& 115 App::Prove::State BEGIN
+ 115
+ 4
- 4
- 115
& 116 App::Prove::State BEGIN
+ 116
& 117 File::Find BEGIN
+ 117
- 117
& 118 File::Find BEGIN
+ 118
+ 4
- 4
- 118
& 119 File::Find BEGIN
+ 119
+ 2a
- 2a
- 119
& 11a File::Find BEGIN
+ 11a
+ 10
+ 11
- 11
+ 11
- 11
- 10
- 11a
& 11b File::Find BEGIN
+ 11b
+ 4
- 4
- 11b
@ 1 0 0
& 11c File::Spec::Unix curdir
+ 11c
- 11c
+ 5f
- 5f
& 11d Scalar::Util BEGIN
+ 11d
+ 4
- 4
- 11d
& 11e Scalar::Util BEGIN
+ 11e
+ 13
- 13
- 11e
& 11f List::Util BEGIN
+ 11f
+ 4
- 4
- 11f
& 120 List::Util BEGIN
+ 120
+ 13
- 13
- 120
+ 20
+ 21
- 21
+ 22
- 22
+ 23
- 23
+ 24
- 24
& 121 List::Util bootstrap
+ 121
- 121
- 20
@ 0 0 1
+ a
- a
- 116
& 122 App::Prove::State BEGIN
+ 122
- 122
& 123 App::Prove::State BEGIN
+ 123
+ a
- a
- 123
& 124 App::Prove::State BEGIN
+ 124
- 124
& 125 App::Prove::State BEGIN
+ 125
& 126 TAP::Parser::YAMLish::Writer BEGIN
+ 126
+ 4
- 4
- 126
& 127 TAP::Parser::YAMLish::Writer BEGIN
+ 127
+ 13
- 13
- 127
- 125
& 128 App::Prove::State BEGIN
+ 128
- 128
& 129 App::Prove::State BEGIN
+ 129
+ 13
- 13
- 129
& 12a App::Prove::State BEGIN
+ 12a
+ d4
- d4
- 12a
+ 115
& 12b constant __ANON__
+ 12b
- 12b
+ d4
- d4
- 115
& 12c App::Prove::State BEGIN
+ 12c
& 12d File::Glob BEGIN
+ 12d
+ 4
- 4
- 12d
& 12e File::Glob BEGIN
+ 12e
- 12e
+ 20
+ 21
- 21
+ 22
- 22
+ 23
- 23
+ 24
- 24
& 12f File::Glob bootstrap
+ 12f
- 12f
- 20
& 130 File::Glob GLOB_CSH
+ 130
& 131 File::Glob AUTOLOAD
+ 131
& 132 File::Glob constant
+ 132
- 132
& 133 File::Glob GLOB_BRACE
* 133
- 131
+ 131
+ 132
- 132
& 134 File::Glob GLOB_NOMAGIC
* 134
- 131
+ 131
+ 132
- 132
& 135 File::Glob GLOB_QUOTE
* 135
- 131
+ 131
+ 132
- 132
& 136 File::Glob GLOB_TILDE
* 136
- 131
+ 131
+ 132
- 132
& 137 File::Glob GLOB_ALPHASORT
* 137
- 131
- 130
- 12c
- 114
& 138 App::Prove BEGIN
+ 138
+ a
- a
- 138
& 139 App::Prove BEGIN
+ 139
+ 13
- 13
- 139
+ 6
+ d4
- d4
- 6
+ 7
+ d4
+ d6
- d6
+ d7
- d7
- d4
- 7
& 13a App::Prove BEGIN
+ 13a
& 13b constant __ANON__
+ 13b
- 13b
+ d4
+ d6
- d6
+ d7
- d7
- d4
- 13a
+ f9
+ d4
+ d6
- d6
+ d7
- d7
- d4
- f9
& 13c App::Prove BEGIN
+ 13c
+ d4
+ d6
- d6
+ d7
- d7
- d4
- 13c
& 13d App::Prove BEGIN
+ 13d
+ d4
+ d6
- d6
+ d7
- d7
- d4
- 13d
& 13e App::Prove BEGIN
+ 13e
+ 17
+ 3
- 3
- 17
- 13e
+ 6
- 6
- 5
& 13f App::Prove new
+ 13f
& 140 App::Prove::State new
+ 140
- 140
- 13f
& 141 App::Prove process_args
+ 141
& 142 File::Glob csh_glob
+ 142
& 143 File::Glob doglob
+ 143
- 143
- 142
& 144 App::Prove _first_pos
+ 144
- 144
+ 112
- 112
& 145 Getopt::Long GetOptions
+ 145
& 146 Getopt::Long GetOptionsFromArray
* 146
& 147 Getopt::Long ParseOptionSpec
+ 147
- 147
+ 147
- 147
+ 147
- 147
+ 147
- 147
+ 147
- 147
@ 1 0 1
+ 147
- 147
+ 147
- 147
+ 147
- 147
+ 147
- 147
+ 147
- 147
+ 147
- 147
+ 147
- 147
+ 147
- 147
+ 147
- 147
+ 147
- 147
+ 147
- 147
+ 147
- 147
+ 147
- 147
+ 147
- 147
+ 147
- 147
+ 147
- 147
+ 147
- 147
+ 147
- 147
+ 147
- 147
+ 147
- 147
+ 147
- 147
+ 147
- 147
+ 147
- 147
+ 147
- 147
+ 147
- 147
+ 147
- 147
+ 147
- 147
+ 147
- 147
& 148 Getopt::Long FindOption
+ 148
- 148
+ 148
- 148
+ 148
- 148
- 145
- 141
& 149 App::Prove run
+ 149
& 14a App::Prove __ANON__
+ 14a
- 14a
& 14b App::Prove __ANON__
+ 14b
- 14b
& 14c App::Prove __ANON__
+ 14c
- 14c
& 14d App::Prove __ANON__
+ 14d
- 14d
& 14e App::Prove _load_extensions
+ 14e
- 14e
& 14f App::Prove __ANON__
+ 14f
- 14f
+ 14e
- 14e
& 150 App::Prove __ANON__
+ 150
- 150
& 151 App::Prove::State apply_switch
+ 151
& 152 TAP::Base get_time
+ 152
& 153 Time::HiRes time
+ 153
- 153
- 152
- 151
& 154 App::Prove __ANON__
+ 154
- 154
& 155 App::Prove __ANON__
+ 155
- 155
& 156 App::Prove::State get_tests
+ 156
& 157 App::Prove::State _query
+ 157
- 157
& 158 App::Prove::State _get_raw_tests
+ 158
& 159 constant __ANON__
+ 159
- 159
- 158
- 156
& 15a App::Prove __ANON__
+ 15a
- 15a
& 15b App::Prove __ANON__
+ 15b
- 15b
& 15c App::Prove __ANON__
+ 15c
- 15c
& 15d App::Prove _get_args
+ 15d
& 15e App::Prove __ANON__
+ 15e
- 15e
& 15f App::Prove _color_default
+ 15f
+ 13b
- 13b
- 15f
& 160 App::Prove __ANON__
+ 160
- 160
& 161 App::Prove __ANON__
+ 161
- 161
& 162 App::Prove __ANON__
+ 162
- 162
& 163 App::Prove __ANON__
+ 163
- 163
& 164 App::Prove __ANON__
+ 164
- 164
& 165 App::Prove __ANON__
+ 165
- 165
& 166 App::Prove __ANON__
+ 166
- 166
& 167 App::Prove _get_lib
+ 167
& 168 App::Prove __ANON__
+ 168
- 168
& 169 App::Prove __ANON__
+ 169
- 169
& 16a App::Prove __ANON__
+ 16a
- 16a
& 16b File::Spec::Unix rel2abs
+ 16b
& 16c File::Spec::Unix file_name_is_absolute
+ 16c
- 16c
& 16d File::Spec::Unix _cwd
+ 16d
& 16e Cwd getcwd
+ 16e
- 16e
- 16d
& 16f File::Spec::Unix catdir
+ 16f
& 170 File::Spec::Unix canonpath
+ 170
- 170
- 16f
+ 170
- 170
- 16b
- 167
& 171 App::Prove _get_switches
+ 171
+ 165
- 165
& 172 App::Prove __ANON__
+ 172
- 172
+ 166
- 166
& 173 App::Prove __ANON__
+ 173
- 173
- 171
& 174 App::Prove __ANON__
+ 174
- 174
+ 15c
- 15c
& 175 App::Prove __ANON__
+ 175
- 175
& 176 App::Prove __ANON__
+ 176
- 176
& 177 App::Prove __ANON__
+ 177
- 177
& 178 App::Prove __ANON__
+ 178
- 178
& 179 App::Prove __ANON__
+ 179
- 179
& 17a App::Prove __ANON__
+ 17a
- 17a
& 17b App::Prove __ANON__
+ 17b
- 17b
& 17c App::Prove __ANON__
+ 17c
- 17c
- 15d
& 17d App::Prove _runtests
+ 17d
& 17e TAP::Base new
+ 17e
& 17f TAP::Harness _initialize
+ 17f
& 180 TAP::Base _initialize
+ 180
- 180
& 181 TAP::Harness __ANON__
+ 181
- 181
& 182 TAP::Harness _error
+ 182
- 182
& 183 TAP::Harness __ANON__
+ 183
- 183
& 184 TAP::Harness __ANON__
+ 184
- 184
+ 184
- 184
& 185 TAP::Harness __ANON__
+ 185
- 185
& 186 TAP::Harness __ANON__
+ 186
- 186
+ 186
- 186
& 187 TAP::Formatter::Console BEGIN
+ 187
+ 4
- 4
- 187
& 188 TAP::Formatter::Console BEGIN
+ 188
- 188
& 189 TAP::Formatter::Console BEGIN
+ 189
& 18a POSIX import
+ 18a
+ c6
& 18b AutoLoader AUTOLOAD
* 18b
& 18c AutoLoader find_filename
+ 18c
- 18c
& 18d POSIX load_imports
* 18d
- c6
+ a
- a
- 18a
- 189
& 18e TAP::Formatter::Console BEGIN
+ 18e
+ 13
- 13
- 18e
& 18f TAP::Formatter::Console BEGIN
+ 18f
+ 17
+ 3
- 3
- 17
- 18f
& 190 TAP::Formatter::Console BEGIN
+ 190
- 190
+ 184
- 184
+ 17e
& 191 TAP::Formatter::Console _initialize
+ 191
+ 180
- 180
& 192 TAP::Formatter::Console __ANON__
+ 192
- 192
& 193 TAP::Formatter::Console __ANON__
+ 193
- 193
+ 192
- 192
& 194 TAP::Formatter::Console __ANON__
+ 194
- 194
& 195 TAP::Formatter::Console __ANON__
+ 195
- 195
& 196 TAP::Formatter::Console __ANON__
+ 196
- 196
& 197 TAP::Formatter::Console __ANON__
+ 197
- 197
& 198 TAP::Formatter::Console __ANON__
+ 198
- 198
+ 198
- 198
+ 197
- 197
& 199 TAP::Formatter::Color BEGIN
+ 199
+ 4
- 4
- 199
& 19a TAP::Formatter::Color BEGIN
+ 19a
+ 13
- 13
- 19a
& 19b TAP::Formatter::Color BEGIN
+ 19b
+ d4
- d4
- 19b
& 19c TAP::Formatter::Color BEGIN
+ 19c
& 19d constant __ANON__
+ 19d
- 19d
& 19e TAP::Formatter::Color BEGIN
+ 19e
& 19f Term::ANSIColor BEGIN
+ 19f
+ 4
- 4
- 19f
& 1a0 Term::ANSIColor BEGIN
+ 1a0
+ 13
- 13
- 1a0
& 1a1 Term::ANSIColor BEGIN
+ 1a1
- 1a1
& 1a2 Exporter export_ok_tags
+ 1a2
+ 65
- 65
& 1a3 Exporter::Heavy heavy_export_ok_tags
* 1a3
& 1a4 Exporter::Heavy _push_tags
+ 1a4
- 1a4
- 1a2
+ a
- a
- 19e
- 19c
& 1a5 TAP::Formatter::Color new
+ 1a5
- 1a5
& 1a6 TAP::Formatter::Console __ANON__
+ 1a6
- 1a6
- 191
- 17e
+ 185
- 185
- 17f
- 17e
& 1a7 TAP::Base callback
+ 1a7
- 1a7
& 1a8 TAP::Harness runtests
+ 1a8
& 1a9 TAP::Parser::Aggregator new
+ 1a9
@ 1 0 0
& 1aa TAP::Parser::Aggregator _initialize
+ 1aa
- 1aa
- 1a9
& 1ab TAP::Base _make_callback
+ 1ab
& 1ac TAP::Base _callback_for
+ 1ac
- 1ac
- 1ab
& 1ad TAP::Parser::Aggregator start
+ 1ad
& 1ae Benchmark new
+ 1ae
& 1af Benchmark mytime
+ 1af
- 1af
- 1ae
- 1ad
& 1b0 TAP::Harness aggregate_tests
+ 1b0
+ 184
- 184
+ 185
- 185
& 1b1 TAP::Formatter::Console prepare
+ 1b1
& 1b2 TAP::Formatter::Console __ANON__
+ 1b2
- 1b2
& 1b3 TAP::Formatter::Console __ANON__
+ 1b3
- 1b3
- 1b1
+ 184
- 184
& 1b4 TAP::Harness _aggregate_single
+ 1b4
& 1b5 TAP::Harness make_parser
+ 1b5
& 1b6 TAP::Harness _get_parser_args
+ 1b6
+ 183
- 183
+ 183
- 183
& 1b7 TAP::Harness __ANON__
+ 1b7
- 1b7
+ 1b7
- 1b7
& 1b8 TAP::Harness _open_spool
+ 1b8
- 1b8
& 1b9 TAP::Harness __ANON__
+ 1b9
- 1b9
& 1ba TAP::Harness __ANON__
+ 1ba
- 1ba
+ 1ba
- 1ba
& 1bb TAP::Harness __ANON__
+ 1bb
- 1bb
- 1b6
+ 1ab
+ 1ac
- 1ac
- 1ab
+ 17e
& 1bc TAP::Parser _initialize
+ 1bc
+ 180
- 180
& 1bd TAP::Parser::Source new
+ 1bd
& 1be TAP::Parser::Source _autoflush
+ 1be
- 1be
+ 1be
- 1be
- 1bd
& 1bf TAP::Parser::Source::Perl switches
+ 1bf
- 1bf
& 1c0 TAP::Parser::Source merge
+ 1c0
- 1c0
& 1c1 TAP::Parser::Source::Perl source
+ 1c1
& 1c2 TAP::Parser::Source source
+ 1c2
- 1c2
- 1c1
& 1c3 TAP::Parser::Source::Perl get_stream
+ 1c3
& 1c4 TAP::Parser::Source::Perl _switches
+ 1c4
+ 1c1
+ 1c2
- 1c2
- 1c1
+ 1bf
- 1bf
& 1c5 TAP::Parser::Source::Perl shebang
+ 1c5
& 1c6 TAP::Parser::Source::Perl _read_shebang
+ 1c6
& 1c7 IO::Handle DESTROY
+ 1c7
- 1c7
- 1c6
- 1c5
& 1c8 TAP::Parser::Source::Perl get_taint
+ 1c8
- 1c8
- 1c4
+ 5f
- 5f
& 1c9 TAP::Parser::Source::Perl _libs2switches
+ 1c9
- 1c9
& 1ca TAP::Parser::Source::Perl _get_command_for_switches
+ 1ca
+ 1c1
+ 1c2
- 1c2
- 1c1
& 1cb TAP::Parser::Source::Perl _get_perl
+ 1cb
& 1cc constant __ANON__
+ 1cc
- 1cc
- 1cb
- 1ca
+ 1c0
- 1c0
& 1cd TAP::Parser::Iterator new
+ 1cd
& 1ce TAP::Parser::Iterator::Process new
+ 1ce
& 1cf TAP::Parser::Source::Perl __ANON__
+ 1cf
- 1cf
& 1d0 IO::Handle new
+ 1d0
& 1d1 Symbol gensym
+ 1d1
- 1d1
- 1d0
& 1d2 TAP::Parser::Iterator::Process _use_open3
+ 1d2
+ 5f
& 1d3 Config AUTOLOAD
+ 1d3
& 1d4 Config BEGIN
+ 1d4
+ 4
- 4
- 1d4
+ 55
- 55
+ 55
- 55
+ 55
- 55
+ 55
- 55
+ 55
- 55
+ 55
- 55
+ 55
- 55
+ 55
- 55
+ 55
- 55
+ 55
- 55
+ 55
- 55
+ 55
- 55
& 1d5 Config launcher
* 1d5
& 1d6 Config fetch_string
* 1d6
- 1d3
- 5f
& 1d7 TAP::Parser::Iterator::Process BEGIN
+ 1d7
& 1d8 IPC::Open3 BEGIN
+ 1d8
+ 4
- 4
- 1d8
& 1d9 IPC::Open3 BEGIN
+ 1d9
+ 17
+ 3
- 3
- 17
- 1d9
& 1da IPC::Open3 BEGIN
+ 1da
+ a
- a
- 1da
& 1db IPC::Open3 BEGIN
+ 1db
+ a
- a
- 1db
@ 0 0 1
+ a
- a
- 1d7
& 1dc TAP::Parser::Iterator::Process BEGIN
+ 1dc
+ a
- a
- 1dc
- 1d2
+ 1d0
+ 1d1
- 1d1
- 1d0
& 1dd IPC::Open3 open3
+ 1dd
& 1de IPC::Open3 _open3
+ 1de
& 1df IPC::Open3 fh_is_fd
+ 1df
- 1df
& 1e0 Symbol qualify
+ 1e0
- 1e0
+ 1df
- 1df
+ 1e0
- 1e0
+ 1df
- 1df
+ 1e0
- 1e0
+ 1d1
- 1d1
+ 1d1
- 1d1
+ 1d1
- 1d1
& 1e1 IPC::Open3 xpipe
+ 1e1
- 1e1
+ 1e1
- 1e1
& 1e2 IPC::Open3 xfork
+ 1e2
- 1e2
& 1e3 TAP::Parser::Iterator::Process __ANON__
+ 1e3
& 1e4 IPC::Open3 xclose
+ 1e4
- 1e4
- 1e3
+ 1e3
+ 1e4
- 1e4
- 1e3
+ 1e3
- 1e3
+ 1c7
- 1c7
+ 1c7
- 1c7
- 1de
- 1dd
& 1e5 IO::Select new
+ 1e5
& 1e6 IO::Select add
+ 1e6
& 1e7 IO::Select _update
+ 1e7
& 1e8 IO::Select _fileno
+ 1e8
- 1e8
+ 1e8
- 1e8
- 1e7
- 1e6
- 1e5
- 1ce
- 1cd
+ 99
- 99
- 1c3
& 1e9 TAP::Parser __ANON__
+ 1e9
- 1e9
& 1ea TAP::Parser::Grammar new
+ 1ea
& 1eb TAP::Parser::Grammar set_version
+ 1eb
& 1ec TAP::Parser::Grammar _order_tokens
+ 1ec
- 1ec
- 1eb
- 1ea
& 1ed TAP::Parser __ANON__
+ 1ed
- 1ed
+ 1eb
+ 1ec
- 1ec
- 1eb
& 1ee TAP::Parser __ANON__
+ 1ee
- 1ee
& 1ef TAP::Parser __ANON__
+ 1ef
- 1ef
+ 152
+ 153
- 153
- 152
& 1f0 TAP::Parser __ANON__
+ 1f0
- 1f0
- 1bc
- 17e
+ 1ab
+ 1ac
- 1ac
- 1ab
+ 185
- 185
& 1f1 TAP::Formatter::Console open_test
+ 1f1
+ 195
- 195
& 1f2 TAP::Formatter::Console::Session BEGIN
+ 1f2
+ 4
- 4
- 1f2
& 1f3 TAP::Formatter::Console::Session BEGIN
+ 1f3
- 1f3
& 1f4 TAP::Formatter::Console::Session BEGIN
+ 1f4
+ 13
- 13
- 1f4
& 1f5 TAP::Formatter::Console::Session BEGIN
+ 1f5
+ 17
+ 3
- 3
- 17
- 1f5
& 1f6 TAP::Formatter::Console::Session BEGIN
+ 1f6
+ 17
+ 3
- 3
- 17
- 1f6
& 1f7 TAP::Formatter::Console::Session BEGIN
+ 1f7
- 1f7
+ 17e
& 1f8 TAP::Formatter::Console::Session _initialize
+ 1f8
+ 180
- 180
- 1f8
- 17e
& 1f9 TAP::Formatter::Console::Session __ANON__
+ 1f9
& 1fa TAP::Formatter::Console::Session _closures
+ 1fa
& 1fb TAP::Formatter::Console::Session __ANON__
+ 1fb
- 1fb
& 1fc TAP::Formatter::Console::Session __ANON__
+ 1fc
- 1fc
& 1fd TAP::Formatter::Console::Session _should_show_count
+ 1fd
+ 1fc
- 1fc
& 1fe TAP::Formatter::Console verbose
+ 1fe
+ 192
- 192
- 1fe
- 1fd
& 1ff TAP::Formatter::Console::Session __ANON__
+ 1ff
- 1ff
& 200 TAP::Formatter::Console _format_name
+ 200
+ 1b2
- 1b2
+ 1b3
- 1b3
& 201 TAP::Formatter::Console __ANON__
+ 201
- 201
- 200
& 202 TAP::Formatter::Console really_quiet
+ 202
+ 192
- 192
- 202
& 203 TAP::Formatter::Console quiet
+ 203
+ 192
- 192
- 203
+ 1fe
+ 192
- 192
- 1fe
& 204 TAP::Formatter::Console __ANON__
+ 204
- 204
& 205 TAP::Formatter::Console __ANON__
+ 205
- 205
& 206 TAP::Formatter::Console::Session _get_output_result
+ 206
+ 1fc
- 1fc
+ 1fb
- 1fb
+ 1a6
- 1a6
- 206
- 1fa
& 207 TAP::Formatter::Console::Session __ANON__
+ 207
& 208 TAP::Formatter::Console _output
+ 208
+ 198
- 198
- 208
- 207
- 1f9
- 1f1
- 1b5
& 209 TAP::Parser next
+ 209
& 20a TAP::Parser _iter
+ 20a
+ 1e9
- 1e9
+ 1ef
- 1ef
+ 1ee
- 1ee
& 20b TAP::Parser _make_state_table
+ 20b
- 20b
& 20c TAP::Base _has_callbacks
+ 20c
- 20c
- 20a
& 20d TAP::Parser __ANON__
+ 20d
& 20e TAP::Parser::Grammar tokenize
+ 20e
& 20f TAP::Parser::Iterator next
+ 20f
& 210 TAP::Parser::Iterator::Process next_raw
+ 210
& 211 TAP::Parser::Iterator::Process _next
+ 211
- 211
& 212 TAP::Parser::Iterator::Process __ANON__
+ 212
& 213 IO::Select can_read
+ 213
@ 0 0 5
& 214 IO::Select handles
+ 214
- 214
- 213
- 212
- 210
- 20f
& 215 TAP::Parser::Grammar __ANON__
+ 215
& 216 TAP::Parser::Grammar _make_test_token
+ 216
& 217 TAP::Parser::Grammar _trim
+ 217
- 217
+ 217
- 217
- 216
- 215
& 218 TAP::Parser::Result new
+ 218
- 218
- 20e
& 219 TAP::Parser __ANON__
+ 219
& 21a TAP::Parser::Result type
+ 21a
- 21a
& 21b TAP::Parser __ANON__
+ 21b
& 21c TAP::Parser::Result::Test number
+ 21c
- 21c
& 21d TAP::Parser::Result has_todo
+ 21d
- 21d
& 21e TAP::Parser __ANON__
+ 21e
- 21e
& 21f TAP::Parser __ANON__
+ 21f
- 21f
& 220 TAP::Parser::Result::Test todo_passed
+ 220
+ 21d
- 21d
- 220
& 221 TAP::Parser::Result has_skip
+ 221
- 221
& 222 TAP::Parser::Result::Test is_ok
+ 222
& 223 TAP::Parser::Result::Test is_unplanned
+ 223
- 223
+ 21d
- 21d
& 224 TAP::Parser::Result::Test ok
+ 224
- 224
- 222
& 225 TAP::Parser::Result::Test is_actual_ok
+ 225
- 225
- 21b
- 219
- 20d
- 209
& 226 TAP::Formatter::Console::Session __ANON__
+ 226
& 227 TAP::Formatter::Console::Session __ANON__
+ 227
& 228 TAP::Parser::Result __ANON__
+ 228
+ 21a
- 21a
- 228
& 229 TAP::Parser::Result __ANON__
+ 229
+ 21a
- 21a
- 229
+ 21f
- 21f
& 22a TAP::Formatter::Console _get_output_method
+ 22a
& 22b TAP::Parser has_problems
+ 22b
& 22c TAP::Parser failed
+ 22c
- 22c
& 22d TAP::Parser parse_errors
+ 22d
- 22d
& 22e TAP::Parser __ANON__
+ 22e
- 22e
& 22f TAP::Parser __ANON__
+ 22f
- 22f
- 22b
- 22a
+ 208
+ 198
- 198
- 208
& 230 TAP::Formatter::Console::Session __ANON__
+ 230
& 231 TAP::Formatter::Console::Session __ANON__
+ 231
+ 229
+ 21a
- 21a
- 229
+ 222
+ 223
- 223
+ 21d
- 21d
+ 224
- 224
- 222
- 231
& 232 TAP::Formatter::Console::Session __ANON__
+ 232
+ 229
+ 21a
- 21a
- 229
+ 221
- 221
- 232
& 233 TAP::Formatter::Console::Session __ANON__
+ 233
+ 229
+ 21a
- 21a
- 229
+ 21d
- 21d
- 233
& 234 TAP::Parser::Result::Test as_string
+ 234
+ 224
- 224
+ 21c
- 21c
& 235 TAP::Parser::Result::Test description
+ 235
- 235
& 236 TAP::Parser::Result::Test directive
+ 236
- 236
- 234
+ 208
+ 198
- 198
- 208
& 237 TAP::Formatter::Console _set_colors
+ 237
+ 1a6
- 1a6
& 238 TAP::Formatter::Color __ANON__
+ 238
& 239 Term::ANSIColor color
+ 239
- 239
& 23a TAP::Formatter::Console __ANON__
+ 23a
+ 208
+ 198
- 198
- 208
- 23a
- 238
- 237
- 230
+ 208
+ 198
- 198
- 208
- 227
- 226
+ 228
+ 21a
- 21a
- 228
+ 209
+ 20d
+ 20e
+ 20f
+ 210
+ 212
+ 213
+ 214
- 214
- 213
- 212
- 210
- 20f
+ 215
+ 216
+ 217
- 217
+ 217
- 217
- 216
- 215
+ 218
- 218
- 20e
+ 219
+ 21a
- 21a
+ 21b
+ 21c
- 21c
+ 21d
- 21d
+ 21e
- 21e
+ 21f
- 21f
+ 220
+ 21d
- 21d
- 220
+ 221
- 221
+ 222
+ 223
- 223
+ 21d
- 21d
+ 224
- 224
- 222
+ 225
- 225
- 21b
- 219
- 20d
- 209
+ 226
+ 227
+ 228
+ 21a
- 21a
- 228
+ 229
+ 21a
- 21a
- 229
+ 22a
+ 22b
+ 22c
- 22c
+ 22d
- 22d
+ 22e
- 22e
+ 22f
- 22f
- 22b
- 22a
+ 230
+ 231
+ 229
+ 21a
- 21a
- 229
+ 222
+ 223
- 223
+ 21d
- 21d
+ 224
- 224
- 222
- 231
+ 232
+ 229
+ 21a
- 21a
- 229
+ 221
- 221
- 232
+ 233
+ 229
+ 21a
- 21a
- 229
+ 21d
- 21d
- 233
+ 234
+ 224
- 224
+ 21c
- 21c
+ 235
- 235
+ 236
- 236
- 234
+ 208
+ 198
- 198
- 208
+ 237
+ 1a6
- 1a6
+ 238
+ 239
- 239
+ 23a
+ 208
+ 198
- 198
- 208
- 23a
- 238
- 237
- 230
+ 208
+ 198
- 198
- 208
- 227
- 226
+ 228
+ 21a
- 21a
- 228
+ 209
+ 20d
+ 20e
+ 20f
+ 210
+ 212
+ 213
+ 214
- 214
- 213
- 212
- 210
- 20f
+ 215
+ 216
+ 217
- 217
+ 217
- 217
- 216
- 215
+ 218
- 218
- 20e
+ 219
+ 21a
- 21a
& 23b TAP::Parser __ANON__
+ 23b
- 23b
+ 21b
+ 21c
- 21c
+ 21d
- 21d
+ 21e
- 21e
+ 21f
- 21f
+ 220
+ 21d
- 21d
- 220
+ 221
- 221
+ 222
+ 223
- 223
+ 21d
- 21d
+ 224
- 224
- 222
+ 225
- 225
- 21b
- 219
- 20d
- 209
+ 226
+ 227
+ 228
+ 21a
- 21a
- 228
+ 229
+ 21a
- 21a
- 229
+ 22a
+ 22b
+ 22c
- 22c
+ 22d
- 22d
+ 22e
- 22e
+ 22f
- 22f
- 22b
- 22a
+ 230
+ 231
+ 229
+ 21a
- 21a
- 229
+ 222
+ 223
- 223
+ 21d
- 21d
+ 224
- 224
- 222
- 231
+ 232
+ 229
+ 21a
- 21a
- 229
+ 221
- 221
- 232
+ 233
+ 229
+ 21a
- 21a
- 229
+ 21d
- 21d
- 233
+ 234
+ 224
- 224
+ 21c
- 21c
+ 235
- 235
+ 236
- 236
- 234
+ 208
+ 198
- 198
- 208
+ 237
+ 1a6
- 1a6
+ 238
+ 239
- 239
+ 23a
+ 208
+ 198
- 198
- 208
- 23a
- 238
- 237
- 230
+ 208
+ 198
- 198
- 208
- 227
- 226
+ 228
+ 21a
- 21a
- 228
+ 209
+ 20d
+ 20e
+ 20f
+ 210
+ 212
+ 213
+ 214
- 214
- 213
- 212
- 210
- 20f
+ 215
+ 216
+ 217
- 217
+ 217
- 217
- 216
- 215
+ 218
- 218
- 20e
+ 219
+ 21a
- 21a
+ 23b
- 23b
+ 21b
+ 21c
- 21c
+ 21d
- 21d
+ 21e
- 21e
+ 21f
- 21f
+ 220
+ 21d
- 21d
- 220
+ 221
- 221
+ 222
+ 223
- 223
+ 21d
- 21d
+ 224
- 224
- 222
+ 225
- 225
- 21b
- 219
- 20d
- 209
+ 226
+ 227
+ 228
+ 21a
- 21a
- 228
+ 229
+ 21a
- 21a
- 229
+ 22a
+ 22b
+ 22c
- 22c
+ 22d
- 22d
+ 22e
- 22e
+ 22f
- 22f
- 22b
- 22a
+ 230
+ 231
+ 229
+ 21a
- 21a
- 229
+ 222
+ 223
- 223
+ 21d
- 21d
+ 224
- 224
- 222
- 231
+ 232
+ 229
+ 21a
- 21a
- 229
+ 221
- 221
- 232
+ 233
+ 229
+ 21a
- 21a
- 229
+ 21d
- 21d
- 233
+ 234
+ 224
- 224
+ 21c
- 21c
+ 235
- 235
+ 236
- 236
- 234
+ 208
+ 198
- 198
- 208
+ 237
+ 1a6
- 1a6
+ 238
+ 239
- 239
+ 23a
+ 208
+ 198
- 198
- 208
- 23a
- 238
- 237
- 230
+ 208
+ 198
- 198
- 208
- 227
- 226
+ 228
+ 21a
- 21a
- 228
+ 209
+ 20d
+ 20e
+ 20f
+ 210
+ 212
+ 213
+ 214
- 214
- 213
- 212
- 210
- 20f
+ 215
+ 216
+ 217
- 217
+ 217
- 217
- 216
- 215
+ 218
- 218
- 20e
+ 219
+ 21a
- 21a
+ 23b
- 23b
+ 21b
+ 21c
- 21c
+ 21d
- 21d
+ 21e
- 21e
+ 21f
- 21f
+ 220
+ 21d
- 21d
- 220
+ 221
- 221
+ 222
+ 223
- 223
+ 21d
- 21d
+ 224
- 224
- 222
+ 225
- 225
- 21b
- 219
- 20d
- 209
+ 226
+ 227
+ 228
+ 21a
- 21a
- 228
+ 229
+ 21a
- 21a
- 229
+ 22a
+ 22b
+ 22c
- 22c
+ 22d
- 22d
+ 22e
- 22e
+ 22f
- 22f
- 22b
- 22a
+ 230
+ 231
+ 229
+ 21a
- 21a
- 229
+ 222
+ 223
- 223
+ 21d
- 21d
+ 224
- 224
- 222
- 231
+ 232
+ 229
+ 21a
- 21a
- 229
+ 221
- 221
- 232
+ 233
+ 229
+ 21a
- 21a
- 229
+ 21d
- 21d
- 233
+ 234
+ 224
- 224
+ 21c
- 21c
+ 235
- 235
+ 236
- 236
- 234
+ 208
+ 198
- 198
- 208
+ 237
+ 1a6
- 1a6
+ 238
+ 239
- 239
+ 23a
+ 208
+ 198
- 198
- 208
- 23a
- 238
- 237
- 230
+ 208
+ 198
- 198
- 208
- 227
- 226
+ 228
+ 21a
- 21a
- 228
+ 209
+ 20d
+ 20e
+ 20f
+ 210
+ 212
+ 213
+ 214
- 214
- 213
- 212
- 210
- 20f
+ 215
+ 216
+ 217
- 217
+ 217
- 217
- 216
- 215
+ 218
- 218
- 20e
+ 219
+ 21a
- 21a
+ 23b
- 23b
+ 21b
+ 21c
- 21c
+ 21d
- 21d
+ 21e
- 21e
+ 21f
- 21f
+ 220
+ 21d
- 21d
- 220
+ 221
- 221
+ 222
+ 223
- 223
+ 21d
- 21d
+ 224
- 224
- 222
+ 225
- 225
- 21b
- 219
- 20d
- 209
+ 226
+ 227
+ 228
+ 21a
- 21a
- 228
+ 229
+ 21a
- 21a
- 229
+ 22a
+ 22b
+ 22c
- 22c
+ 22d
- 22d
+ 22e
- 22e
+ 22f
- 22f
- 22b
- 22a
+ 230
+ 231
+ 229
+ 21a
- 21a
- 229
+ 222
+ 223
- 223
+ 21d
- 21d
+ 224
- 224
- 222
- 231
+ 232
+ 229
+ 21a
- 21a
- 229
+ 221
- 221
- 232
+ 233
+ 229
+ 21a
- 21a
- 229
+ 21d
- 21d
- 233
+ 234
@ 1 0 0
+ 224
- 224
+ 21c
- 21c
+ 235
- 235
+ 236
- 236
- 234
+ 208
+ 198
- 198
- 208
+ 237
+ 1a6
- 1a6
+ 238
+ 239
- 239
+ 23a
+ 208
+ 198
- 198
- 208
- 23a
- 238
- 237
- 230
+ 208
+ 198
- 198
- 208
- 227
- 226
+ 228
+ 21a
- 21a
- 228
+ 209
+ 20d
+ 20e
+ 20f
+ 210
+ 212
+ 213
+ 214
- 214
- 213
- 212
- 210
- 20f
+ 215
+ 216
+ 217
- 217
+ 217
- 217
- 216
- 215
+ 218
- 218
- 20e
+ 219
+ 21a
- 21a
+ 23b
- 23b
+ 21b
+ 21c
- 21c
+ 21d
- 21d
+ 21e
- 21e
+ 21f
- 21f
+ 220
+ 21d
- 21d
- 220
+ 221
- 221
+ 222
+ 223
- 223
+ 21d
- 21d
+ 224
- 224
- 222
+ 225
- 225
- 21b
- 219
- 20d
- 209
+ 226
+ 227
+ 228
+ 21a
- 21a
- 228
+ 229
+ 21a
- 21a
- 229
+ 22a
+ 22b
+ 22c
- 22c
+ 22d
- 22d
+ 22e
- 22e
+ 22f
- 22f
- 22b
- 22a
+ 230
+ 231
+ 229
+ 21a
- 21a
- 229
+ 222
+ 223
- 223
+ 21d
- 21d
+ 224
- 224
- 222
- 231
+ 232
+ 229
+ 21a
- 21a
- 229
+ 221
- 221
- 232
+ 233
+ 229
+ 21a
- 21a
- 229
+ 21d
- 21d
- 233
+ 234
+ 224
- 224
+ 21c
- 21c
+ 235
- 235
+ 236
- 236
- 234
+ 208
+ 198
- 198
- 208
+ 237
+ 1a6
- 1a6
+ 238
+ 239
- 239
+ 23a
+ 208
+ 198
- 198
- 208
- 23a
- 238
- 237
- 230
+ 208
+ 198
- 198
- 208
- 227
- 226
+ 228
+ 21a
- 21a
- 228
+ 209
+ 20d
+ 20e
+ 20f
+ 210
+ 212
+ 213
+ 214
- 214
- 213
- 212
- 210
- 20f
+ 215
+ 216
+ 217
- 217
+ 217
- 217
- 216
- 215
+ 218
- 218
- 20e
+ 219
+ 21a
- 21a
+ 23b
- 23b
+ 21b
+ 21c
- 21c
+ 21d
- 21d
+ 21e
- 21e
+ 21f
- 21f
+ 220
+ 21d
- 21d
- 220
+ 221
- 221
+ 222
+ 223
- 223
+ 21d
- 21d
+ 224
- 224
- 222
+ 225
- 225
- 21b
- 219
- 20d
- 209
+ 226
+ 227
+ 228
+ 21a
- 21a
- 228
+ 229
+ 21a
- 21a
- 229
+ 22a
+ 22b
+ 22c
- 22c
+ 22d
- 22d
+ 22e
- 22e
+ 22f
- 22f
- 22b
- 22a
+ 230
+ 231
+ 229
+ 21a
- 21a
- 229
+ 222
+ 223
- 223
+ 21d
- 21d
+ 224
- 224
- 222
- 231
+ 232
+ 229
+ 21a
- 21a
- 229
+ 221
- 221
- 232
+ 233
+ 229
+ 21a
- 21a
- 229
+ 21d
- 21d
- 233
+ 234
+ 224
- 224
+ 21c
- 21c
+ 235
- 235
+ 236
- 236
- 234
+ 208
+ 198
- 198
- 208
+ 237
+ 1a6
- 1a6
+ 238
+ 239
- 239
+ 23a
+ 208
+ 198
- 198
- 208
- 23a
- 238
- 237
- 230
+ 208
+ 198
- 198
- 208
- 227
- 226
+ 228
+ 21a
- 21a
- 228
+ 209
+ 20d
+ 20e
+ 20f
+ 210
+ 212
+ 213
+ 214
- 214
- 213
- 212
- 210
- 20f
+ 215
+ 216
+ 217
- 217
+ 217
- 217
- 216
- 215
+ 218
- 218
- 20e
+ 219
+ 21a
- 21a
+ 23b
- 23b
+ 21b
+ 21c
- 21c
+ 21d
- 21d
+ 21e
- 21e
+ 21f
- 21f
+ 220
+ 21d
- 21d
- 220
+ 221
- 221
+ 222
+ 223
- 223
+ 21d
- 21d
+ 224
- 224
- 222
+ 225
- 225
- 21b
- 219
- 20d
- 209
+ 226
+ 227
+ 228
+ 21a
- 21a
- 228
+ 229
+ 21a
- 21a
- 229
+ 22a
+ 22b
+ 22c
- 22c
+ 22d
- 22d
+ 22e
- 22e
+ 22f
- 22f
- 22b
- 22a
+ 230
+ 231
+ 229
+ 21a
- 21a
- 229
+ 222
+ 223
- 223
+ 21d
- 21d
+ 224
- 224
- 222
- 231
+ 232
+ 229
+ 21a
- 21a
- 229
+ 221
- 221
- 232
+ 233
+ 229
+ 21a
- 21a
- 229
+ 21d
- 21d
- 233
+ 234
+ 224
- 224
+ 21c
- 21c
+ 235
- 235
+ 236
- 236
- 234
+ 208
+ 198
- 198
- 208
+ 237
+ 1a6
- 1a6
+ 238
+ 239
- 239
+ 23a
+ 208
+ 198
- 198
- 208
- 23a
- 238
- 237
- 230
+ 208
+ 198
- 198
- 208
- 227
- 226
+ 228
+ 21a
- 21a
- 228
+ 209
+ 20d
+ 20e
+ 20f
+ 210
+ 212
+ 213
+ 214
- 214
- 213
- 212
- 210
- 20f
+ 215
+ 216
+ 217
- 217
+ 217
- 217
- 216
- 215
+ 218
- 218
- 20e
+ 219
+ 21a
- 21a
+ 23b
- 23b
+ 21b
+ 21c
- 21c
+ 21d
- 21d
+ 21e
- 21e
+ 21f
- 21f
+ 220
+ 21d
- 21d
- 220
+ 221
- 221
+ 222
+ 223
- 223
+ 21d
- 21d
+ 224
- 224
- 222
+ 225
- 225
- 21b
- 219
- 20d
- 209
+ 226
+ 227
+ 228
+ 21a
- 21a
- 228
+ 229
+ 21a
- 21a
- 229
+ 22a
+ 22b
+ 22c
- 22c
+ 22d
- 22d
+ 22e
- 22e
+ 22f
- 22f
- 22b
- 22a
+ 230
+ 231
+ 229
+ 21a
- 21a
- 229
+ 222
+ 223
- 223
+ 21d
- 21d
+ 224
- 224
- 222
- 231
+ 232
+ 229
+ 21a
- 21a
- 229
+ 221
- 221
- 232
+ 233
+ 229
+ 21a
- 21a
- 229
+ 21d
- 21d
- 233
+ 234
+ 224
- 224
+ 21c
- 21c
+ 235
- 235
+ 236
- 236
- 234
+ 208
+ 198
- 198
- 208
+ 237
+ 1a6
- 1a6
+ 238
+ 239
- 239
+ 23a
+ 208
+ 198
- 198
- 208
- 23a
- 238
- 237
- 230
+ 208
+ 198
- 198
- 208
- 227
- 226
+ 228
+ 21a
- 21a
- 228
+ 209
+ 20d
+ 20e
+ 20f
+ 210
+ 212
+ 213
+ 214
- 214
- 213
- 212
- 210
- 20f
+ 215
+ 216
+ 217
- 217
+ 217
- 217
- 216
- 215
+ 218
- 218
- 20e
+ 219
+ 21a
- 21a
+ 23b
- 23b
+ 21b
+ 21c
- 21c
+ 21d
- 21d
+ 21e
- 21e
+ 21f
- 21f
+ 220
+ 21d
- 21d
- 220
+ 221
- 221
+ 222
+ 223
- 223
+ 21d
- 21d
+ 224
- 224
- 222
+ 225
- 225
- 21b
- 219
- 20d
- 209
+ 226
+ 227
+ 228
+ 21a
- 21a
- 228
+ 229
+ 21a
- 21a
- 229
+ 22a
+ 22b
+ 22c
- 22c
+ 22d
- 22d
+ 22e
- 22e
+ 22f
- 22f
- 22b
- 22a
+ 230
+ 231
+ 229
+ 21a
- 21a
- 229
+ 222
+ 223
- 223
+ 21d
- 21d
+ 224
- 224
- 222
- 231
+ 232
+ 229
+ 21a
- 21a
- 229
+ 221
- 221
- 232
+ 233
+ 229
+ 21a
- 21a
- 229
+ 21d
- 21d
- 233
+ 234
+ 224
- 224
+ 21c
- 21c
+ 235
- 235
+ 236
- 236
- 234
+ 208
+ 198
- 198
- 208
+ 237
+ 1a6
- 1a6
+ 238
+ 239
- 239
+ 23a
+ 208
+ 198
- 198
- 208
- 23a
- 238
- 237
- 230
+ 208
+ 198
- 198
- 208
- 227
- 226
+ 228
+ 21a
- 21a
- 228
+ 209
+ 20d
+ 20e
+ 20f
+ 210
+ 212
+ 213
+ 214
- 214
- 213
- 212
- 210
- 20f
+ 215
+ 216
+ 217
- 217
+ 217
- 217
- 216
- 215
+ 218
- 218
- 20e
+ 219
+ 21a
- 21a
+ 23b
- 23b
+ 21b
+ 21c
- 21c
+ 21d
- 21d
+ 21e
- 21e
+ 21f
- 21f
+ 220
+ 21d
- 21d
- 220
+ 221
- 221
+ 222
+ 223
- 223
+ 21d
- 21d
+ 224
- 224
- 222
+ 225
- 225
- 21b
- 219
- 20d
- 209
+ 226
+ 227
+ 228
+ 21a
- 21a
- 228
+ 229
+ 21a
- 21a
- 229
+ 22a
+ 22b
+ 22c
- 22c
+ 22d
- 22d
+ 22e
- 22e
+ 22f
- 22f
- 22b
- 22a
+ 230
+ 231
+ 229
+ 21a
- 21a
- 229
+ 222
+ 223
- 223
+ 21d
- 21d
+ 224
- 224
- 222
- 231
+ 232
+ 229
+ 21a
- 21a
- 229
+ 221
- 221
- 232
+ 233
+ 229
+ 21a
- 21a
- 229
+ 21d
- 21d
- 233
+ 234
+ 224
- 224
+ 21c
- 21c
+ 235
- 235
+ 236
- 236
- 234
+ 208
+ 198
- 198
- 208
+ 237
+ 1a6
- 1a6
+ 238
+ 239
- 239
+ 23a
+ 208
+ 198
- 198
- 208
- 23a
- 238
- 237
- 230
+ 208
+ 198
- 198
- 208
- 227
- 226
+ 228
+ 21a
- 21a
- 228
+ 209
+ 20d
+ 20e
+ 20f
+ 210
+ 212
+ 213
+ 214
- 214
- 213
- 212
- 210
- 20f
+ 215
+ 216
+ 217
- 217
+ 217
- 217
- 216
- 215
+ 218
- 218
- 20e
+ 219
+ 21a
- 21a
+ 23b
- 23b
+ 21b
+ 21c
- 21c
+ 21d
- 21d
+ 21e
- 21e
+ 21f
- 21f
+ 220
+ 21d
- 21d
- 220
+ 221
- 221
+ 222
+ 223
- 223
+ 21d
- 21d
+ 224
- 224
- 222
+ 225
- 225
- 21b
- 219
- 20d
- 209
+ 226
+ 227
+ 228
+ 21a
- 21a
- 228
+ 229
+ 21a
- 21a
- 229
+ 22a
+ 22b
+ 22c
- 22c
+ 22d
- 22d
+ 22e
- 22e
+ 22f
- 22f
- 22b
- 22a
+ 230
+ 231
+ 229
+ 21a
- 21a
- 229
+ 222
+ 223
- 223
+ 21d
- 21d
+ 224
- 224
- 222
- 231
+ 232
+ 229
+ 21a
- 21a
- 229
+ 221
- 221
- 232
+ 233
+ 229
+ 21a
- 21a
- 229
+ 21d
- 21d
- 233
+ 234
+ 224
- 224
+ 21c
- 21c
+ 235
- 235
+ 236
- 236
- 234
+ 208
+ 198
- 198
- 208
+ 237
+ 1a6
- 1a6
+ 238
+ 239
- 239
+ 23a
+ 208
+ 198
- 198
- 208
- 23a
- 238
- 237
- 230
+ 208
+ 198
- 198
- 208
- 227
- 226
+ 228
+ 21a
- 21a
- 228
+ 209
+ 20d
+ 20e
+ 20f
+ 210
+ 212
+ 213
+ 214
- 214
- 213
- 212
- 210
- 20f
+ 215
+ 216
+ 217
- 217
+ 217
- 217
- 216
- 215
+ 218
- 218
- 20e
+ 219
+ 21a
- 21a
+ 23b
- 23b
+ 21b
+ 21c
- 21c
+ 21d
- 21d
+ 21e
- 21e
+ 21f
- 21f
+ 220
+ 21d
- 21d
- 220
+ 221
- 221
+ 222
+ 223
- 223
+ 21d
- 21d
+ 224
- 224
- 222
+ 225
- 225
- 21b
- 219
- 20d
- 209
+ 226
+ 227
+ 228
+ 21a
- 21a
- 228
+ 229
+ 21a
- 21a
- 229
+ 22a
+ 22b
+ 22c
- 22c
+ 22d
- 22d
+ 22e
- 22e
+ 22f
- 22f
- 22b
- 22a
+ 230
+ 231
+ 229
+ 21a
- 21a
- 229
+ 222
+ 223
- 223
+ 21d
- 21d
+ 224
- 224
- 222
- 231
+ 232
+ 229
+ 21a
- 21a
- 229
+ 221
- 221
- 232
+ 233
+ 229
+ 21a
- 21a
- 229
+ 21d
- 21d
- 233
+ 234
+ 224
- 224
+ 21c
- 21c
+ 235
- 235
+ 236
- 236
- 234
+ 208
+ 198
- 198
- 208
+ 237
+ 1a6
- 1a6
+ 238
+ 239
- 239
+ 23a
+ 208
+ 198
- 198
- 208
- 23a
- 238
- 237
- 230
+ 208
+ 198
- 198
- 208
- 227
- 226
+ 228
+ 21a
- 21a
- 228
+ 209
+ 20d
+ 20e
+ 20f
+ 210
+ 212
+ 213
+ 214
- 214
- 213
- 212
- 210
- 20f
+ 215
+ 216
+ 217
- 217
+ 217
- 217
- 216
- 215
+ 218
- 218
- 20e
+ 219
+ 21a
- 21a
+ 23b
- 23b
+ 21b
+ 21c
- 21c
+ 21d
- 21d
+ 21e
- 21e
+ 21f
- 21f
+ 220
+ 21d
- 21d
- 220
+ 221
- 221
+ 222
+ 223
- 223
+ 21d
- 21d
+ 224
- 224
- 222
+ 225
- 225
- 21b
- 219
- 20d
- 209
+ 226
+ 227
+ 228
+ 21a
- 21a
- 228
+ 229
+ 21a
- 21a
- 229
+ 22a
+ 22b
+ 22c
- 22c
+ 22d
- 22d
+ 22e
- 22e
+ 22f
- 22f
- 22b
- 22a
+ 230
+ 231
+ 229
+ 21a
- 21a
- 229
+ 222
+ 223
- 223
+ 21d
- 21d
+ 224
- 224
- 222
- 231
+ 232
+ 229
+ 21a
- 21a
- 229
+ 221
- 221
- 232
+ 233
+ 229
+ 21a
- 21a
- 229
+ 21d
- 21d
- 233
+ 234
+ 224
- 224
+ 21c
- 21c
+ 235
- 235
+ 236
- 236
- 234
+ 208
+ 198
- 198
- 208
+ 237
+ 1a6
- 1a6
+ 238
+ 239
- 239
+ 23a
+ 208
+ 198
- 198
- 208
- 23a
- 238
- 237
- 230
+ 208
+ 198
- 198
- 208
- 227
- 226
+ 228
+ 21a
- 21a
- 228
+ 209
+ 20d
+ 20e
+ 20f
+ 210
+ 212
+ 213
+ 214
- 214
- 213
- 212
- 210
- 20f
+ 215
+ 216
+ 217
- 217
+ 217
- 217
- 216
- 215
+ 218
- 218
- 20e
+ 219
+ 21a
- 21a
+ 23b
- 23b
+ 21b
+ 21c
- 21c
+ 21d
- 21d
+ 21e
- 21e
+ 21f
- 21f
+ 220
+ 21d
- 21d
- 220
+ 221
- 221
+ 222
+ 223
- 223
+ 21d
- 21d
+ 224
- 224
- 222
+ 225
- 225
- 21b
- 219
- 20d
- 209
+ 226
+ 227
+ 228
+ 21a
- 21a
- 228
+ 229
+ 21a
- 21a
- 229
+ 22a
+ 22b
+ 22c
- 22c
+ 22d
- 22d
+ 22e
- 22e
+ 22f
- 22f
- 22b
- 22a
+ 230
+ 231
+ 229
+ 21a
- 21a
- 229
+ 222
+ 223
- 223
+ 21d
- 21d
+ 224
- 224
- 222
- 231
+ 232
+ 229
+ 21a
- 21a
- 229
+ 221
- 221
- 232
+ 233
+ 229
+ 21a
- 21a
- 229
+ 21d
- 21d
- 233
+ 234
+ 224
- 224
+ 21c
- 21c
+ 235
- 235
+ 236
- 236
- 234
+ 208
+ 198
- 198
- 208
+ 237
+ 1a6
- 1a6
+ 238
+ 239
- 239
+ 23a
+ 208
+ 198
- 198
- 208
- 23a
- 238
- 237
- 230
+ 208
+ 198
- 198
- 208
- 227
- 226
+ 228
+ 21a
- 21a
- 228
+ 209
+ 20d
+ 20e
+ 20f
+ 210
+ 212
+ 213
+ 214
- 214
- 213
- 212
- 210
- 20f
+ 215
+ 216
+ 217
- 217
+ 217
- 217
- 216
- 215
+ 218
- 218
- 20e
+ 219
+ 21a
- 21a
+ 23b
- 23b
+ 21b
+ 21c
- 21c
+ 21d
- 21d
+ 21e
- 21e
+ 21f
- 21f
+ 220
+ 21d
- 21d
- 220
+ 221
- 221
+ 222
+ 223
- 223
+ 21d
- 21d
+ 224
- 224
- 222
+ 225
- 225
- 21b
- 219
- 20d
- 209
+ 226
+ 227
+ 228
+ 21a
- 21a
- 228
+ 229
+ 21a
- 21a
- 229
+ 22a
+ 22b
+ 22c
- 22c
+ 22d
- 22d
+ 22e
- 22e
+ 22f
- 22f
- 22b
- 22a
+ 230
+ 231
+ 229
+ 21a
- 21a
- 229
+ 222
+ 223
- 223
+ 21d
- 21d
+ 224
- 224
- 222
- 231
+ 232
+ 229
+ 21a
- 21a
- 229
+ 221
- 221
- 232
+ 233
+ 229
+ 21a
- 21a
- 229
+ 21d
- 21d
- 233
+ 234
+ 224
- 224
+ 21c
- 21c
+ 235
- 235
+ 236
- 236
- 234
+ 208
+ 198
- 198
- 208
+ 237
+ 1a6
- 1a6
+ 238
+ 239
- 239
+ 23a
+ 208
+ 198
- 198
- 208
- 23a
- 238
- 237
- 230
+ 208
+ 198
- 198
- 208
- 227
- 226
+ 228
+ 21a
- 21a
- 228
+ 209
+ 20d
+ 20e
+ 20f
+ 210
+ 212
+ 213
+ 214
- 214
- 213
- 212
- 210
- 20f
+ 215
+ 216
+ 217
- 217
+ 217
- 217
- 216
- 215
+ 218
- 218
- 20e
+ 219
+ 21a
- 21a
+ 23b
- 23b
+ 21b
+ 21c
- 21c
+ 21d
- 21d
+ 21e
- 21e
+ 21f
- 21f
+ 220
+ 21d
- 21d
- 220
+ 221
- 221
+ 222
+ 223
- 223
+ 21d
- 21d
+ 224
- 224
- 222
+ 225
- 225
- 21b
- 219
- 20d
- 209
+ 226
+ 227
+ 228
+ 21a
- 21a
- 228
+ 229
+ 21a
- 21a
- 229
+ 22a
+ 22b
+ 22c
- 22c
+ 22d
- 22d
+ 22e
- 22e
+ 22f
- 22f
- 22b
- 22a
+ 230
+ 231
+ 229
+ 21a
- 21a
- 229
+ 222
+ 223
- 223
+ 21d
- 21d
+ 224
- 224
- 222
- 231
+ 232
+ 229
+ 21a
- 21a
- 229
+ 221
- 221
- 232
+ 233
+ 229
+ 21a
- 21a
- 229
+ 21d
- 21d
- 233
+ 234
+ 224
- 224
+ 21c
- 21c
+ 235
- 235
+ 236
- 236
- 234
+ 208
+ 198
- 198
- 208
+ 237
+ 1a6
- 1a6
+ 238
+ 239
- 239
+ 23a
+ 208
+ 198
- 198
- 208
- 23a
- 238
- 237
- 230
+ 208
+ 198
- 198
- 208
- 227
- 226
+ 228
+ 21a
- 21a
- 228
+ 209
+ 20d
+ 20e
+ 20f
+ 210
+ 212
+ 213
+ 214
- 214
- 213
- 212
- 210
- 20f
+ 215
+ 216
+ 217
- 217
+ 217
- 217
- 216
- 215
+ 218
- 218
- 20e
+ 219
+ 21a
- 21a
+ 23b
- 23b
+ 21b
+ 21c
- 21c
+ 21d
- 21d
+ 21e
- 21e
+ 21f
- 21f
+ 220
+ 21d
- 21d
- 220
+ 221
- 221
+ 222
+ 223
- 223
+ 21d
- 21d
+ 224
- 224
- 222
+ 225
- 225
- 21b
- 219
- 20d
- 209
+ 226
+ 227
+ 228
+ 21a
- 21a
- 228
+ 229
+ 21a
- 21a
- 229
+ 22a
+ 22b
+ 22c
- 22c
+ 22d
- 22d
+ 22e
- 22e
+ 22f
- 22f
- 22b
- 22a
+ 230
+ 231
+ 229
+ 21a
- 21a
- 229
+ 222
+ 223
- 223
+ 21d
- 21d
+ 224
- 224
- 222
- 231
+ 232
+ 229
+ 21a
- 21a
- 229
+ 221
- 221
- 232
+ 233
+ 229
+ 21a
- 21a
- 229
+ 21d
- 21d
- 233
+ 234
+ 224
- 224
+ 21c
- 21c
+ 235
- 235
+ 236
- 236
- 234
+ 208
+ 198
- 198
- 208
+ 237
+ 1a6
- 1a6
+ 238
+ 239
- 239
+ 23a
+ 208
+ 198
- 198
- 208
- 23a
- 238
- 237
- 230
+ 208
+ 198
- 198
- 208
- 227
- 226
+ 228
+ 21a
- 21a
- 228
+ 209
+ 20d
+ 20e
+ 20f
+ 210
+ 212
+ 213
+ 214
- 214
- 213
- 212
- 210
- 20f
+ 215
+ 216
+ 217
- 217
+ 217
- 217
- 216
- 215
+ 218
- 218
- 20e
+ 219
+ 21a
- 21a
+ 23b
- 23b
+ 21b
+ 21c
- 21c
+ 21d
- 21d
+ 21e
- 21e
+ 21f
- 21f
+ 220
+ 21d
- 21d
- 220
+ 221
- 221
+ 222
+ 223
- 223
+ 21d
- 21d
+ 224
- 224
- 222
+ 225
- 225
- 21b
- 219
- 20d
- 209
+ 226
+ 227
+ 228
+ 21a
- 21a
- 228
+ 229
+ 21a
- 21a
- 229
+ 22a
+ 22b
+ 22c
- 22c
+ 22d
- 22d
+ 22e
- 22e
+ 22f
- 22f
- 22b
- 22a
+ 230
+ 231
+ 229
+ 21a
- 21a
- 229
+ 222
+ 223
- 223
+ 21d
- 21d
+ 224
- 224
- 222
- 231
+ 232
+ 229
+ 21a
- 21a
- 229
+ 221
- 221
- 232
+ 233
+ 229
+ 21a
- 21a
- 229
+ 21d
- 21d
- 233
+ 234
+ 224
- 224
+ 21c
- 21c
+ 235
- 235
+ 236
- 236
- 234
+ 208
+ 198
- 198
- 208
+ 237
+ 1a6
- 1a6
+ 238
+ 239
- 239
+ 23a
+ 208
+ 198
- 198
- 208
- 23a
- 238
- 237
- 230
+ 208
+ 198
- 198
- 208
- 227
- 226
+ 228
+ 21a
- 21a
- 228
+ 209
+ 20d
+ 20e
+ 20f
+ 210
+ 212
+ 213
+ 214
- 214
- 213
- 212
- 210
- 20f
+ 215
+ 216
+ 217
- 217
+ 217
- 217
- 216
- 215
+ 218
- 218
- 20e
+ 219
+ 21a
- 21a
+ 23b
- 23b
+ 21b
+ 21c
- 21c
+ 21d
- 21d
+ 21e
- 21e
+ 21f
- 21f
+ 220
+ 21d
- 21d
- 220
+ 221
- 221
+ 222
+ 223
- 223
+ 21d
- 21d
+ 224
- 224
- 222
+ 225
- 225
- 21b
- 219
- 20d
- 209
+ 226
+ 227
+ 228
+ 21a
- 21a
- 228
+ 229
+ 21a
- 21a
- 229
+ 22a
+ 22b
+ 22c
- 22c
+ 22d
- 22d
+ 22e
- 22e
+ 22f
- 22f
- 22b
- 22a
+ 230
+ 231
+ 229
+ 21a
- 21a
- 229
+ 222
+ 223
- 223
+ 21d
- 21d
+ 224
- 224
- 222
- 231
+ 232
+ 229
+ 21a
- 21a
- 229
+ 221
- 221
- 232
+ 233
+ 229
+ 21a
- 21a
- 229
+ 21d
- 21d
- 233
+ 234
+ 224
- 224
+ 21c
- 21c
+ 235
- 235
+ 236
- 236
- 234
+ 208
+ 198
- 198
- 208
+ 237
+ 1a6
- 1a6
+ 238
+ 239
- 239
+ 23a
+ 208
+ 198
- 198
- 208
- 23a
- 238
- 237
- 230
+ 208
+ 198
- 198
- 208
- 227
- 226
+ 228
+ 21a
- 21a
- 228
+ 209
+ 20d
+ 20e
+ 20f
+ 210
+ 212
+ 213
+ 214
- 214
- 213
- 212
- 210
- 20f
+ 215
+ 216
+ 217
- 217
+ 217
- 217
- 216
- 215
+ 218
- 218
- 20e
+ 219
+ 21a
- 21a
+ 23b
- 23b
+ 21b
+ 21c
- 21c
+ 21d
- 21d
+ 21e
- 21e
+ 21f
- 21f
+ 220
+ 21d
- 21d
- 220
+ 221
- 221
+ 222
+ 223
- 223
+ 21d
- 21d
+ 224
- 224
- 222
+ 225
- 225
- 21b
- 219
- 20d
- 209
+ 226
+ 227
+ 228
+ 21a
- 21a
- 228
+ 229
+ 21a
- 21a
- 229
+ 22a
+ 22b
+ 22c
- 22c
+ 22d
- 22d
+ 22e
- 22e
+ 22f
- 22f
- 22b
- 22a
+ 230
+ 231
+ 229
+ 21a
- 21a
- 229
+ 222
+ 223
- 223
+ 21d
- 21d
+ 224
- 224
- 222
- 231
+ 232
+ 229
+ 21a
- 21a
- 229
+ 221
- 221
- 232
+ 233
+ 229
+ 21a
- 21a
- 229
+ 21d
- 21d
- 233
+ 234
+ 224
- 224
+ 21c
- 21c
+ 235
- 235
+ 236
- 236
- 234
+ 208
+ 198
- 198
- 208
+ 237
+ 1a6
- 1a6
+ 238
+ 239
- 239
+ 23a
+ 208
+ 198
- 198
- 208
- 23a
- 238
- 237
- 230
+ 208
+ 198
- 198
- 208
- 227
- 226
+ 228
+ 21a
- 21a
- 228
+ 209
+ 20d
+ 20e
+ 20f
+ 210
+ 212
+ 213
+ 214
- 214
- 213
- 212
- 210
- 20f
+ 215
+ 216
+ 217
- 217
+ 217
- 217
- 216
- 215
+ 218
- 218
- 20e
+ 219
+ 21a
- 21a
+ 23b
- 23b
+ 21b
+ 21c
- 21c
+ 21d
- 21d
+ 21e
- 21e
+ 21f
- 21f
+ 220
+ 21d
- 21d
- 220
+ 221
- 221
+ 222
+ 223
- 223
+ 21d
- 21d
+ 224
- 224
- 222
+ 225
- 225
- 21b
- 219
- 20d
- 209
+ 226
+ 227
+ 228
+ 21a
- 21a
- 228
+ 229
+ 21a
- 21a
- 229
+ 22a
+ 22b
+ 22c
- 22c
+ 22d
- 22d
+ 22e
- 22e
+ 22f
- 22f
- 22b
- 22a
+ 230
+ 231
+ 229
+ 21a
- 21a
- 229
+ 222
+ 223
- 223
+ 21d
- 21d
+ 224
- 224
- 222
- 231
+ 232
+ 229
+ 21a
- 21a
- 229
+ 221
- 221
- 232
+ 233
+ 229
+ 21a
- 21a
- 229
+ 21d
- 21d
- 233
+ 234
+ 224
- 224
+ 21c
- 21c
+ 235
- 235
+ 236
- 236
- 234
+ 208
+ 198
- 198
- 208
+ 237
+ 1a6
- 1a6
+ 238
+ 239
- 239
+ 23a
+ 208
+ 198
- 198
- 208
- 23a
- 238
- 237
- 230
+ 208
+ 198
- 198
- 208
- 227
- 226
+ 228
+ 21a
- 21a
- 228
+ 209
+ 20d
+ 20e
+ 20f
+ 210
+ 212
+ 213
+ 214
- 214
- 213
- 212
- 210
- 20f
+ 215
+ 216
+ 217
- 217
+ 217
- 217
- 216
- 215
+ 218
- 218
- 20e
+ 219
+ 21a
- 21a
+ 23b
- 23b
+ 21b
+ 21c
- 21c
+ 21d
- 21d
+ 21e
- 21e
+ 21f
- 21f
+ 220
+ 21d
- 21d
- 220
+ 221
- 221
+ 222
+ 223
- 223
+ 21d
- 21d
+ 224
- 224
- 222
+ 225
- 225
- 21b
- 219
- 20d
- 209
+ 226
+ 227
+ 228
+ 21a
- 21a
@ 1 0 1
- 228
+ 229
+ 21a
- 21a
- 229
+ 22a
+ 22b
+ 22c
- 22c
+ 22d
- 22d
+ 22e
- 22e
+ 22f
- 22f
- 22b
- 22a
+ 230
+ 231
+ 229
+ 21a
- 21a
- 229
+ 222
+ 223
- 223
+ 21d
- 21d
+ 224
- 224
- 222
- 231
+ 232
+ 229
+ 21a
- 21a
- 229
+ 221
- 221
- 232
+ 233
+ 229
+ 21a
- 21a
- 229
+ 21d
- 21d
- 233
+ 234
+ 224
- 224
+ 21c
- 21c
+ 235
- 235
+ 236
- 236
- 234
+ 208
+ 198
- 198
- 208
+ 237
+ 1a6
- 1a6
+ 238
+ 239
- 239
+ 23a
+ 208
+ 198
- 198
- 208
- 23a
- 238
- 237
- 230
+ 208
+ 198
- 198
- 208
- 227
- 226
+ 228
+ 21a
- 21a
- 228
+ 209
+ 20d
+ 20e
+ 20f
+ 210
+ 212
+ 213
+ 214
- 214
- 213
- 212
- 210
- 20f
+ 215
+ 216
+ 217
- 217
+ 217
- 217
- 216
- 215
+ 218
- 218
- 20e
+ 219
+ 21a
- 21a
+ 23b
- 23b
+ 21b
+ 21c
- 21c
+ 21d
- 21d
+ 21e
- 21e
+ 21f
- 21f
+ 220
+ 21d
- 21d
- 220
+ 221
- 221
+ 222
+ 223
- 223
+ 21d
- 21d
+ 224
- 224
- 222
+ 225
- 225
- 21b
- 219
- 20d
- 209
+ 226
+ 227
+ 228
+ 21a
- 21a
- 228
+ 229
+ 21a
- 21a
- 229
+ 22a
+ 22b
+ 22c
- 22c
+ 22d
- 22d
+ 22e
- 22e
+ 22f
- 22f
- 22b
- 22a
+ 230
+ 231
+ 229
+ 21a
- 21a
- 229
+ 222
+ 223
- 223
+ 21d
- 21d
+ 224
- 224
- 222
- 231
+ 232
+ 229
+ 21a
- 21a
- 229
+ 221
- 221
- 232
+ 233
+ 229
+ 21a
- 21a
- 229
+ 21d
- 21d
- 233
+ 234
+ 224
- 224
+ 21c
- 21c
+ 235
- 235
+ 236
- 236
- 234
+ 208
+ 198
- 198
- 208
+ 237
+ 1a6
- 1a6
+ 238
+ 239
- 239
+ 23a
+ 208
+ 198
- 198
- 208
- 23a
- 238
- 237
- 230
+ 208
+ 198
- 198
- 208
- 227
- 226
+ 228
+ 21a
- 21a
- 228
+ 209
+ 20d
+ 20e
+ 20f
+ 210
+ 212
+ 213
+ 214
- 214
- 213
- 212
- 210
- 20f
+ 215
+ 216
+ 217
- 217
+ 217
- 217
- 216
- 215
+ 218
- 218
- 20e
+ 219
+ 21a
- 21a
+ 23b
- 23b
+ 21b
+ 21c
- 21c
+ 21d
- 21d
+ 21e
- 21e
+ 21f
- 21f
+ 220
+ 21d
- 21d
- 220
+ 221
- 221
+ 222
+ 223
- 223
+ 21d
- 21d
+ 224
- 224
- 222
+ 225
- 225
- 21b
- 219
- 20d
- 209
+ 226
+ 227
+ 228
+ 21a
- 21a
- 228
+ 229
+ 21a
- 21a
- 229
+ 22a
+ 22b
+ 22c
- 22c
+ 22d
- 22d
+ 22e
- 22e
+ 22f
- 22f
- 22b
- 22a
+ 230
+ 231
+ 229
+ 21a
- 21a
- 229
+ 222
+ 223
- 223
+ 21d
- 21d
+ 224
- 224
- 222
- 231
+ 232
+ 229
+ 21a
- 21a
- 229
+ 221
- 221
- 232
+ 233
+ 229
+ 21a
- 21a
- 229
+ 21d
- 21d
- 233
+ 234
+ 224
- 224
+ 21c
- 21c
+ 235
- 235
+ 236
- 236
- 234
+ 208
+ 198
- 198
- 208
+ 237
+ 1a6
- 1a6
+ 238
+ 239
- 239
+ 23a
+ 208
+ 198
- 198
- 208
- 23a
- 238
- 237
- 230
+ 208
+ 198
- 198
- 208
- 227
- 226
+ 228
+ 21a
- 21a
- 228
+ 209
+ 20d
+ 20e
+ 20f
+ 210
+ 212
+ 213
+ 214
- 214
- 213
- 212
- 210
- 20f
+ 215
+ 216
+ 217
- 217
+ 217
- 217
- 216
- 215
+ 218
- 218
- 20e
+ 219
+ 21a
- 21a
+ 23b
- 23b
+ 21b
+ 21c
- 21c
+ 21d
- 21d
+ 21e
- 21e
+ 21f
- 21f
+ 220
+ 21d
- 21d
- 220
+ 221
- 221
+ 222
+ 223
- 223
+ 21d
- 21d
+ 224
- 224
- 222
+ 225
- 225
- 21b
- 219
- 20d
- 209
+ 226
+ 227
+ 228
+ 21a
- 21a
- 228
+ 229
+ 21a
- 21a
- 229
+ 22a
+ 22b
+ 22c
- 22c
+ 22d
- 22d
+ 22e
- 22e
+ 22f
- 22f
- 22b
- 22a
+ 230
+ 231
+ 229
+ 21a
- 21a
- 229
+ 222
+ 223
- 223
+ 21d
- 21d
+ 224
- 224
- 222
- 231
+ 232
+ 229
+ 21a
- 21a
- 229
+ 221
- 221
- 232
+ 233
+ 229
+ 21a
- 21a
- 229
+ 21d
- 21d
- 233
+ 234
+ 224
- 224
+ 21c
- 21c
+ 235
- 235
+ 236
- 236
- 234
+ 208
+ 198
- 198
- 208
+ 237
+ 1a6
- 1a6
+ 238
+ 239
- 239
+ 23a
+ 208
+ 198
- 198
- 208
- 23a
- 238
- 237
- 230
+ 208
+ 198
- 198
- 208
- 227
- 226
+ 228
+ 21a
- 21a
- 228
+ 209
+ 20d
+ 20e
+ 20f
+ 210
+ 212
+ 213
+ 214
- 214
- 213
- 212
- 210
- 20f
+ 215
+ 216
+ 217
- 217
+ 217
- 217
- 216
- 215
+ 218
- 218
- 20e
+ 219
+ 21a
- 21a
+ 23b
- 23b
+ 21b
+ 21c
- 21c
+ 21d
- 21d
+ 21e
- 21e
+ 21f
- 21f
+ 220
+ 21d
- 21d
- 220
+ 221
- 221
+ 222
+ 223
- 223
+ 21d
- 21d
+ 224
- 224
- 222
+ 225
- 225
- 21b
- 219
- 20d
- 209
+ 226
+ 227
+ 228
+ 21a
- 21a
- 228
+ 229
+ 21a
- 21a
- 229
+ 22a
+ 22b
+ 22c
- 22c
+ 22d
- 22d
+ 22e
- 22e
+ 22f
- 22f
- 22b
- 22a
+ 230
+ 231
+ 229
+ 21a
- 21a
- 229
+ 222
+ 223
- 223
+ 21d
- 21d
+ 224
- 224
- 222
- 231
+ 232
+ 229
+ 21a
- 21a
- 229
+ 221
- 221
- 232
+ 233
+ 229
+ 21a
- 21a
- 229
+ 21d
- 21d
- 233
+ 234
+ 224
- 224
+ 21c
- 21c
+ 235
- 235
+ 236
- 236
- 234
+ 208
+ 198
- 198
- 208
+ 237
+ 1a6
- 1a6
+ 238
+ 239
- 239
+ 23a
+ 208
+ 198
- 198
- 208
- 23a
- 238
- 237
- 230
+ 208
+ 198
- 198
- 208
- 227
- 226
+ 228
+ 21a
- 21a
- 228
+ 209
+ 20d
+ 20e
+ 20f
+ 210
+ 212
+ 213
@ 0 0 20
+ 214
- 214
- 213
- 212
- 210
- 20f
& 23c TAP::Parser::Grammar _make_unknown_token
+ 23c
- 23c
+ 218
- 218
- 20e
+ 219
+ 21a
- 21a
- 219
- 20d
- 209
+ 226
+ 227
+ 228
+ 21a
- 21a
- 228
+ 229
+ 21a
- 21a
- 229
+ 22a
+ 22b
+ 22c
- 22c
+ 22d
- 22d
+ 22e
- 22e
+ 22f
- 22f
- 22b
- 22a
+ 230
+ 231
+ 229
+ 21a
- 21a
- 229
- 231
+ 232
+ 229
+ 21a
- 21a
- 229
- 232
+ 233
+ 229
+ 21a
- 21a
- 229
- 233
& 23d TAP::Parser::Result as_string
+ 23d
- 23d
+ 208
+ 198
- 198
- 208
+ 237
+ 1a6
- 1a6
+ 238
+ 239
- 239
+ 23a
+ 208
+ 198
- 198
- 208
- 23a
- 238
- 237
- 230
+ 208
+ 198
- 198
- 208
- 227
- 226
+ 228
+ 21a
- 21a
- 228
+ 209
+ 20d
+ 20e
+ 20f
+ 210
+ 212
+ 213
+ 214
- 214
- 213
- 212
- 210
- 20f
+ 23c
- 23c
+ 218
- 218
- 20e
+ 219
+ 21a
- 21a
- 219
- 20d
- 209
+ 226
+ 227
+ 228
+ 21a
- 21a
- 228
+ 229
+ 21a
- 21a
- 229
+ 22a
+ 22b
+ 22c
- 22c
+ 22d
- 22d
+ 22e
- 22e
+ 22f
- 22f
- 22b
- 22a
+ 230
+ 231
+ 229
+ 21a
- 21a
- 229
- 231
+ 232
+ 229
+ 21a
- 21a
- 229
- 232
+ 233
+ 229
+ 21a
- 21a
- 229
- 233
+ 23d
- 23d
+ 208
+ 198
- 198
- 208
+ 237
+ 1a6
- 1a6
+ 238
+ 239
- 239
+ 23a
+ 208
+ 198
- 198
- 208
- 23a
- 238
- 237
- 230
+ 208
+ 198
- 198
- 208
- 227
- 226
+ 228
+ 21a
- 21a
- 228
+ 209
+ 20d
+ 20e
+ 20f
+ 210
+ 212
+ 213
@ 0 0 275
+ 214
- 214
- 213
- 212
- 210
- 20f
+ 23c
- 23c
+ 218
- 218
- 20e
+ 219
+ 21a
- 21a
- 219
- 20d
- 209
+ 226
+ 227
+ 228
+ 21a
- 21a
- 228
+ 229
+ 21a
- 21a
- 229
+ 22a
+ 22b
+ 22c
- 22c
+ 22d
- 22d
+ 22e
- 22e
+ 22f
- 22f
- 22b
- 22a
+ 230
+ 231
+ 229
+ 21a
- 21a
- 229
- 231
+ 232
+ 229
+ 21a
- 21a
- 229
- 232
+ 233
+ 229
+ 21a
- 21a
- 229
- 233
+ 23d
- 23d
+ 208
+ 198
- 198
- 208
+ 237
+ 1a6
- 1a6
+ 238
+ 239
- 239
+ 23a
+ 208
+ 198
- 198
- 208
- 23a
- 238
- 237
- 230
+ 208
+ 198
- 198
- 208
- 227
- 226
+ 228
+ 21a
- 21a
- 228
+ 209
+ 20d
+ 20e
+ 20f
+ 210
+ 212
+ 213
@ 0 0 1324
+ 214
- 214
- 213
- 212
- 210
- 20f
+ 23c
- 23c
+ 218
- 218
- 20e
+ 219
+ 21a
- 21a
- 219
- 20d
- 209
+ 226
+ 227
+ 228
+ 21a
- 21a
- 228
+ 229
+ 21a
- 21a
- 229
+ 22a
+ 22b
+ 22c
- 22c
+ 22d
- 22d
+ 22e
- 22e
+ 22f
- 22f
- 22b
- 22a
+ 230
+ 231
+ 229
+ 21a
- 21a
- 229
- 231
+ 232
+ 229
+ 21a
- 21a
- 229
- 232
+ 233
+ 229
+ 21a
- 21a
- 229
- 233
+ 23d
- 23d
+ 208
+ 198
- 198
- 208
+ 237
+ 1a6
- 1a6
+ 238
+ 239
- 239
+ 23a
+ 208
+ 198
- 198
- 208
- 23a
- 238
- 237
- 230
+ 208
+ 198
- 198
- 208
- 227
- 226
+ 228
+ 21a
- 21a
- 228
+ 209
+ 20d
+ 20e
+ 20f
+ 210
+ 212
+ 213
@ 0 0 635
+ 214
- 214
- 213
- 212
- 210
- 20f
+ 23c
- 23c
+ 218
- 218
- 20e
+ 219
+ 21a
- 21a
- 219
- 20d
- 209
+ 226
+ 227
+ 228
+ 21a
- 21a
- 228
+ 229
+ 21a
- 21a
- 229
+ 22a
+ 22b
+ 22c
- 22c
+ 22d
- 22d
+ 22e
- 22e
+ 22f
- 22f
- 22b
- 22a
+ 230
+ 231
+ 229
+ 21a
- 21a
- 229
- 231
+ 232
+ 229
+ 21a
- 21a
- 229
- 232
+ 233
+ 229
+ 21a
- 21a
- 229
- 233
+ 23d
- 23d
+ 208
+ 198
- 198
- 208
+ 237
+ 1a6
- 1a6
+ 238
+ 239
- 239
+ 23a
+ 208
+ 198
- 198
- 208
- 23a
- 238
- 237
- 230
+ 208
+ 198
- 198
- 208
- 227
- 226
+ 228
+ 21a
- 21a
- 228
+ 209
+ 20d
+ 20e
+ 20f
+ 210
+ 212
+ 213
@ 0 0 356
+ 214
- 214
- 213
- 212
- 210
- 20f
+ 23c
- 23c
+ 218
- 218
- 20e
+ 219
+ 21a
- 21a
- 219
- 20d
- 209
+ 226
+ 227
+ 228
+ 21a
- 21a
- 228
+ 229
+ 21a
- 21a
- 229
+ 22a
+ 22b
+ 22c
- 22c
+ 22d
- 22d
+ 22e
- 22e
+ 22f
- 22f
- 22b
- 22a
+ 230
+ 231
+ 229
+ 21a
- 21a
- 229
- 231
+ 232
+ 229
+ 21a
- 21a
- 229
- 232
+ 233
+ 229
+ 21a
- 21a
- 229
- 233
+ 23d
- 23d
+ 208
+ 198
- 198
- 208
+ 237
+ 1a6
- 1a6
+ 238
+ 239
- 239
+ 23a
+ 208
+ 198
- 198
- 208
- 23a
- 238
- 237
- 230
+ 208
+ 198
- 198
- 208
- 227
- 226
+ 228
+ 21a
- 21a
- 228
+ 209
+ 20d
+ 20e
+ 20f
+ 210
+ 212
+ 213
@ 0 0 248
+ 214
- 214
- 213
- 212
- 210
- 20f
+ 23c
- 23c
+ 218
- 218
- 20e
+ 219
+ 21a
- 21a
- 219
- 20d
- 209
+ 226
+ 227
+ 228
+ 21a
- 21a
- 228
+ 229
+ 21a
- 21a
- 229
+ 22a
+ 22b
+ 22c
- 22c
+ 22d
- 22d
+ 22e
- 22e
+ 22f
- 22f
- 22b
- 22a
+ 230
+ 231
+ 229
+ 21a
- 21a
- 229
- 231
+ 232
+ 229
+ 21a
- 21a
- 229
- 232
+ 233
+ 229
+ 21a
- 21a
- 229
- 233
+ 23d
- 23d
+ 208
+ 198
- 198
- 208
+ 237
+ 1a6
- 1a6
+ 238
+ 239
- 239
+ 23a
+ 208
+ 198
- 198
- 208
- 23a
- 238
- 237
- 230
+ 208
+ 198
- 198
- 208
- 227
- 226
+ 228
+ 21a
- 21a
- 228
+ 209
+ 20d
+ 20e
+ 20f
+ 210
+ 212
+ 213
@ 0 0 1
+ 214
- 214
- 213
- 212
- 210
- 20f
& 23e TAP::Parser::Grammar __ANON__
+ 23e
& 23f TAP::Parser::Grammar _make_plan_token
+ 23f
+ 217
- 217
- 23f
- 23e
+ 218
- 218
- 20e
+ 219
+ 21a
- 21a
& 240 TAP::Parser __ANON__
+ 240
- 240
& 241 TAP::Parser __ANON__
+ 241
& 242 TAP::Parser::Result::Plan tests_planned
+ 242
- 242
+ 21f
- 21f
& 243 TAP::Parser::Result::Plan plan
+ 243
- 243
& 244 TAP::Parser __ANON__
+ 244
- 244
+ 221
- 221
& 245 TAP::Parser::Result::Plan todo_list
+ 245
- 245
- 241
- 219
- 20d
- 209
+ 226
+ 227
+ 228
+ 21a
- 21a
- 228
+ 229
+ 21a
- 21a
- 229
+ 22a
+ 22b
+ 22c
- 22c
+ 22d
- 22d
+ 22e
- 22e
+ 22f
- 22f
- 22b
- 22a
+ 230
+ 231
+ 229
+ 21a
- 21a
- 229
- 231
+ 232
+ 229
+ 21a
- 21a
- 229
- 232
+ 233
+ 229
+ 21a
- 21a
- 229
- 233
+ 23d
- 23d
+ 208
+ 198
- 198
- 208
+ 237
+ 1a6
- 1a6
+ 238
+ 239
- 239
+ 23a
+ 208
+ 198
- 198
- 208
- 23a
- 238
- 237
- 230
+ 208
+ 198
- 198
- 208
- 227
- 226
+ 228
+ 21a
- 21a
- 228
+ 209
+ 20d
+ 20e
+ 20f
+ 210
+ 212
+ 213
@ 0 0 1
+ 214
- 214
- 213
& 246 IO::Select remove
+ 246
+ 1e7
+ 1e8
- 1e8
- 1e7
- 246
+ 246
+ 1e7
+ 1e8
- 1e8
- 1e7
- 246
+ 213
- 213
& 247 TAP::Parser::Iterator::Process _finish
+ 247
& 248 IO::Handle close
+ 248
- 248
+ 1c7
- 1c7
+ 1c7
- 1c7
+ 248
- 248
& 249 TAP::Parser::Iterator::Process __ANON__
+ 249
+ c8
+ c7
- c7
- c8
- 249
& 24a TAP::Parser::Iterator::Process __ANON__
+ 24a
& 24b TAP::Parser::Source::Perl __ANON__
+ 24b
- 24b
- 24a
- 247
- 212
- 210
- 20f
- 20e
& 24c TAP::Parser __ANON__
+ 24c
& 24d TAP::Parser::Iterator::Process exit
+ 24d
- 24d
+ 22f
- 22f
& 24e TAP::Parser::Iterator::Process wait
+ 24e
- 24e
+ 22e
- 22e
& 24f TAP::Parser _finish
+ 24f
+ 152
+ 153
- 153
- 152
& 250 TAP::Parser __ANON__
+ 250
- 250
+ 244
- 244
& 251 TAP::Parser __ANON__
+ 251
- 251
+ 251
- 251
& 252 TAP::Parser __ANON__
+ 252
- 252
+ 21f
- 21f
+ 252
- 252
& 253 TAP::Parser passed
+ 253
- 253
+ 22c
- 22c
+ 251
- 251
- 24f
- 24c
- 20d
- 209
& 254 TAP::Harness finish_parser
+ 254
& 255 TAP::Formatter::Console::Session __ANON__
+ 255
& 256 TAP::Formatter::Console::Session __ANON__
+ 256
& 257 TAP::Parser __ANON__
+ 257
- 257
+ 22b
+ 22c
- 22c
+ 22d
- 22d
+ 22e
- 22e
+ 22f
- 22f
- 22b
+ 201
- 201
+ 208
+ 198
- 198
- 208
- 256
- 255
& 258 TAP::Harness _close_spool
+ 258
& 259 TAP::Parser delete_spool
+ 259
- 259
- 258
- 254
& 25a TAP::Harness _after_test
+ 25a
+ 1ab
+ 1ac
- 1ac
& 25b App::Prove __ANON__
+ 25b
& 25c App::Prove::State observe_test
+ 25c
+ 22c
- 22c
+ 22b
+ 22c
- 22c
+ 22d
- 22d
+ 22e
- 22e
+ 22f
- 22f
- 22b
& 25d TAP::Parser todo
+ 25d
- 25d
+ 1f0
- 1f0
+ 250
- 250
& 25e App::Prove::State _record_test
+ 25e
- 25e
- 25c
- 25b
- 1ab
& 25f TAP::Parser::Aggregator add
+ 25f
+ 22d
- 22d
& 260 TAP::Parser todo_passed
+ 260
- 260
+ 22f
- 22f
+ 253
- 253
+ 252
- 252
+ 22c
- 22c
& 261 TAP::Parser skipped
+ 261
- 261
+ 22e
- 22e
+ 25d
- 25d
- 25f
- 25a
- 1b4
- 1b0
& 262 TAP::Parser::Aggregator stop
+ 262
+ 1ae
+ 1af
- 1af
- 1ae
- 262
+ 185
- 185
& 263 TAP::Formatter::Console summary
+ 263
& 264 TAP::Formatter::Console silent
+ 264
+ 192
- 192
- 264
& 265 TAP::Parser::Aggregator descriptions
+ 265
- 265
& 266 TAP::Parser::Aggregator elapsed_timestr
+ 266
& 267 TAP::Parser::Aggregator elapsed
+ 267
& 268 Benchmark timediff
+ 268
- 268
- 267
& 269 Benchmark timestr
+ 269
& 26a Benchmark cpu_p
+ 26a
- 26a
& 26b Benchmark cpu_c
+ 26b
- 26b
& 26c Benchmark cpu_a
+ 26c
- 26c
- 269
- 266
& 26d TAP::Parser::Aggregator total
+ 26d
- 26d
& 26e TAP::Parser::Aggregator __ANON__
+ 26e
- 26e
+ 201
- 201
& 26f TAP::Parser::Aggregator all_passed
+ 26f
+ 26d
- 26d
+ 26d
- 26d
+ 26e
- 26e
& 270 TAP::Parser::Aggregator has_errors
+ 270
& 271 TAP::Parser::Aggregator __ANON__
+ 271
- 271
& 272 TAP::Parser::Aggregator __ANON__
+ 272
- 272
& 273 TAP::Parser::Aggregator __ANON__
+ 273
- 273
& 274 TAP::Parser::Aggregator __ANON__
+ 274
- 274
- 270
- 26f
+ 208
+ 198
- 198
- 208
& 275 TAP::Parser::Aggregator has_problems
+ 275
& 276 TAP::Parser::Aggregator __ANON__
+ 276
- 276
+ 270
+ 271
- 271
+ 272
- 272
+ 273
- 273
+ 274
- 274
- 270
- 275
+ 208
+ 198
- 198
- 208
& 277 TAP::Parser::Aggregator get_status
+ 277
+ 26d
- 26d
+ 26e
- 26e
+ 270
+ 271
- 271
+ 272
- 272
+ 273
- 273
+ 274
- 274
- 270
- 277
+ 208
+ 198
- 198
- 208
- 263
+ 1ab
+ 1ac
- 1ac
- 1ab
- 1a8
+ 275
+ 276
- 276
+ 270
+ 271
- 271
+ 272
- 272
+ 273
- 273
+ 274
- 274
- 270
- 275
& 278 App::Prove _exit
+ 278
/ 278
/ 17d
/ 149
& 279 App::Prove::State DESTROY
+ 279
- 279
& 27a TAP::Harness END
+ 27a
- 27a
& 27b TAP::Parser END
+ 27b
- 27b
+ & Devel::DProf::write
@ 0 1 1
- & Devel::DProf::write
